<?xml version="1.0" encoding="UTF-8" standalone="yes"?>
<web-app xmlns="http://java.sun.com/xml/ns/javaee" xmlns:xsi="http://www.w3.org/2001/XMLSchema-instance" version="3.0" xsi:schemaLocation="http://java.sun.com/xml/ns/javaee http://java.sun.com/xml/ns/javaee/web-app_3_0.xsd">
    <module-name>test</module-name>
    <description>A description of my webapp</description>
    <display-name>Sample</display-name>
    <distributable/>
    <context-param>
        <param-name>com.sun.faces.validateXml</param-name>
        <param-value>true</param-value>
    </context-param>
    <context-param>
        <param-name>javax.faces.PROJECT_STAGE</param-name>
        <param-value>Development</param-value>
    </context-param>
    <context-param>
        <param-name>javax.faces.STATE_SAVING_METHOD</param-name>
        <param-value>client</param-value>
    </context-param>
    <listener>
        <listener-class>org.jboss.seam.servlet.SeamListener</listener-class>
    </listener>
    <filter>
        <filter-name>UrlRewriteFilter</filter-name>
        <filter-class>org.tuckey.web.filters.urlrewrite.UrlRewriteFilter</filter-class>
        <init-param>
            <param-name>confReloadCheckInterval</param-name>
            <param-value>60</param-value>
        </init-param>
    </filter>
    <filter-mapping>
        <url-pattern>/*</url-pattern>
        <filter-name>UrlRewriteFilter</filter-name>
    </filter-mapping>
    <servlet>
        <servlet-name>FacesServlet</servlet-name>
        <servlet-class>javax.faces.webapp.FacesServlet</servlet-class>
    </servlet>
    <servlet>
        <servlet-name>Download Servlet</servlet-name>
        <servlet-class>com.acme.webapp.DownloadServlet</servlet-class>
    </servlet>
    <servlet-mapping>
        <servlet-name>FacesServlet</servlet-name>
        <url-pattern>*.jsf</url-pattern>
    </servlet-mapping>
    <servlet-mapping>
        <servlet-name>Download Servlet</servlet-name>
        <url-pattern>/file/*</url-pattern>
    </servlet-mapping>
    <session-config>
        <session-timeout>60</session-timeout>
        <tracking-mode>URL</tracking-mode>
    </session-config>
    <welcome-file-list>
        <welcome-file>/index.jsf</welcome-file>
    </welcome-file-list>
    <error-page>
        <error-code>500</error-code>
        <location>/500.jsp</location>
    </error-page>
    <error-page>
        <exception-type>java.io.IOException</exception-type>
        <location>/outputError.jsp</location>
    </error-page>
    <security-constraint>
        <web-resource-collection>
            <web-resource-name>All Access</web-resource-name>
            <url-pattern>/public/*</url-pattern>
            <http-method>DELETE</http-method>
            <http-method>PUT</http-method>
            <http-method>HEAD</http-method>
            <http-method>OPTIONS</http-method>
            <http-method>TRACE</http-method>
            <http-method>GET</http-method>
            <http-method>POST</http-method>
        </web-resource-collection>
        <user-data-constraint>
            <transport-guarantee>NONE</transport-guarantee>
        </user-data-constraint>
    </security-constraint>
    <security-constraint>
        <display-name>Restricted GET To Employees</display-name>
        <web-resource-collection>
            <web-resource-name>Restricted Access - Get Only</web-resource-name>
            <url-pattern>/restricted/employee/*</url-pattern>
            <http-method>GET</http-method>
        </web-resource-collection>
        <auth-constraint>
            <role-name>Employee</role-name>
        </auth-constraint>
        <user-data-constraint>
            <transport-guarantee>NONE</transport-guarantee>
        </user-data-constraint>
    </security-constraint>
    <security-constraint>
        <display-name>Restrict access to Facelets templates (XHTML files)</display-name>
        <web-resource-collection>
            <web-resource-name>Facelets templates</web-resource-name>
            <url-pattern>*.xhtml</url-pattern>
            <http-method-omission>HEAD</http-method-omission>
        </web-resource-collection>
        <auth-constraint/>
        <user-data-constraint>
            <transport-guarantee>NONE</transport-guarantee>
        </user-data-constraint>
    </security-constraint>
    <login-config>
        <auth-method>BASIC</auth-method>
        <realm-name>Cool App</realm-name>
    </login-config>
    <login-config>
        <auth-method>FORM</auth-method>
        <form-login-config>
            <form-login-page>/login.jsp</form-login-page>
            <form-error-page>/invalidLogin.jsp</form-error-page>
        </form-login-config>
    </login-config>
    <security-role>
        <description>Employees of the company</description>
        <role-name>Employee</role-name>
    </security-role>
    <absolute-ordering>
        <name>one</name>
        <name>two</name>
        <name>three</name>
    </absolute-ordering>
</web-app>
