<?xml version="1.0" encoding="UTF-8"?>
<job xmlns="http://xmlns.jcp.org/xml/ns/javaee" 
    xmlns:xsi="http://www.w3.org/2001/XMLSchema-instance"
	id="simple-batchlet-job" 
	version="1.0"
	xsi:schemaLocation="http://xmlns.jcp.org/xml/ns/javaee http://xmlns.jcp.org/xml/ns/javaee/jobXML_1_0.xsd">
	<step id="batchlet-step">
		<batchlet ref="co.uk.planetjones.HelloWorldBatchlet" />
	</step>
</job>
