<?xml version="1.0" encoding="UTF-8"?>
<portlet-app xmlns="http://java.sun.com/xml/ns/portlet/portlet-app_2_0.xsd"
             version="2.0"
             xmlns:xsi="http://www.w3.org/2001/XMLSchema-instance"
             xsi:schemaLocation="http://java.sun.com/xml/ns/portlet/portlet-app_2_0.xsd
http://java.sun.com/xml/ns/portlet/portlet-app_2_0.xsd">
   <portlet>
      <portlet-name>HelloPortlet</portlet-name>
      <portlet-class>javax.portlet.faces.GenericFacesPortlet</portlet-class>
      <init-param>
         <name>javax.portlet.faces.defaultViewId.view</name>
         <value>/view.jsp</value>
      </init-param>

      <init-param>
         <name>javax.portlet.faces.defaultViewId.edit</name>
         <value>/edit.jsp</value>
      </init-param>

      <init-param>
         <name>javax.portlet.faces.defaultViewId.help</name>
         <value>/help.jsp</value>
      </init-param>
      <supports>
         <mime-type>text/html</mime-type>
         <portlet-mode>view</portlet-mode>
         <portlet-mode>edit</portlet-mode>
         <portlet-mode>help</portlet-mode>
      </supports>
      <portlet-info>
         <title>Hello Portlet</title>
      </portlet-info>
   </portlet>
</portlet-app>