<?xml version="1.0" encoding="UTF-8"?>
<application xmlns="http://java.sun.com/xml/ns/javaee"
 xmlns:xsi="http://www.w3.org/2001/XMLSchema-instance"
 xsi:schemaLocation="http://java.sun.com/xml/ns/javaee http://java.sun.com/xml/ns/javaee/application_6.xsd" version="6">
    <application-name>application-name0</application-name>
    <description>description0</description>
    <display-name>display-name0</display-name>
    <icon>
        <small-icon>small-icon0</small-icon>
        <large-icon>large-icon0</large-icon>
    </icon>
    <initialize-in-order>true</initialize-in-order>
    <module>
        <ejb>ejb0</ejb>
        <alt-dd>alt-dd0</alt-dd>
    </module>
    <security-role>
        <description>description1</description>
        <role-name>role-name0</role-name>
    </security-role>
    <library-directory>library-directory0</library-directory>
    <env-entry>
        <description>description2</description>
        <env-entry-name>env-entry-name0</env-entry-name>
        <env-entry-type>env-entry-type0</env-entry-type>
        <env-entry-value>env-entry-value0</env-entry-value>
        <mapped-name>mapped-name0</mapped-name>
        <injection-target>
            <injection-target-class>injection-target-class0</injection-target-class>
            <injection-target-name>$</injection-target-name>
        </injection-target>
        <lookup-name>lookup-name0</lookup-name>
    </env-entry>
    <ejb-ref>
        <description>description3</description>
        <ejb-ref-name>ejb-ref-name0</ejb-ref-name>
        <ejb-ref-type>Entity</ejb-ref-type>
        <home>home0</home>
        <remote>remote0</remote>
        <ejb-link>ejb-link0</ejb-link>
        <mapped-name>mapped-name1</mapped-name>
        <injection-target>
            <injection-target-class>injection-target-class1</injection-target-class>
            <injection-target-name>$</injection-target-name>
        </injection-target>
        <lookup-name>lookup-name1</lookup-name>
    </ejb-ref>
    <ejb-local-ref>
        <description>description4</description>
        <ejb-ref-name>ejb-ref-name1</ejb-ref-name>
        <ejb-ref-type>Entity</ejb-ref-type>
        <local-home>local-home0</local-home>
        <local>local0</local>
        <ejb-link>ejb-link1</ejb-link>
        <mapped-name>mapped-name2</mapped-name>
        <injection-target>
            <injection-target-class>injection-target-class2</injection-target-class>
            <injection-target-name>$</injection-target-name>
        </injection-target>
        <lookup-name>lookup-name2</lookup-name>
    </ejb-local-ref>
    <service-ref>
        <description>description5</description>
        <display-name>display-name1</display-name>
        <icon>
            <small-icon>small-icon1</small-icon>
            <large-icon>large-icon1</large-icon>
        </icon>
        <service-ref-name>service-ref-name0</service-ref-name>
        <service-interface>service-interface0</service-interface>
        <service-ref-type>service-ref-type0</service-ref-type>
        <wsdl-file>http://www.oxygenxml.com/</wsdl-file>
        <jaxrpc-mapping-file>jaxrpc-mapping-file0</jaxrpc-mapping-file>
        <service-qname>qName</service-qname>
        <port-component-ref>
            <service-endpoint-interface>service-endpoint-interface0</service-endpoint-interface>
            <enable-mtom>false</enable-mtom>
            <mtom-threshold>50</mtom-threshold>
            <addressing>
                <enabled>false</enabled>
                <required>false</required>
                <responses>ANONYMOUS</responses>
            </addressing>
            <respect-binding>
                <enabled>false</enabled>
            </respect-binding>
            <port-component-link>port-component-link0</port-component-link>
        </port-component-ref>
        <handler>
            <description>description6</description>
            <display-name>display-name2</display-name>
            <icon>
                <small-icon>small-icon2</small-icon>
                <large-icon>large-icon2</large-icon>
            </icon>
            <handler-name>handler-name0</handler-name>
            <handler-class>handler-class0</handler-class>
            <init-param>
                <description>description7</description>
                <param-name>param-name0</param-name>
                <param-value>param-value0</param-value>
            </init-param>
            <soap-header>qName</soap-header>
            <soap-role>soap-role0</soap-role>
            <port-name>port-name0</port-name>
        </handler>
        <mapped-name>mapped-name3</mapped-name>
        <injection-target>
            <injection-target-class>injection-target-class3</injection-target-class>
            <injection-target-name>$</injection-target-name>
        </injection-target>
        <lookup-name>lookup-name3</lookup-name>
    </service-ref>
    <resource-ref>
        <description>description8</description>
        <res-ref-name>res-ref-name0</res-ref-name>
        <res-type>res-type0</res-type>
        <res-auth>Application</res-auth>
        <res-sharing-scope>Shareable</res-sharing-scope>
        <mapped-name>mapped-name4</mapped-name>
        <injection-target>
            <injection-target-class>injection-target-class4</injection-target-class>
            <injection-target-name>$</injection-target-name>
        </injection-target>
        <lookup-name>lookup-name4</lookup-name>
    </resource-ref>
    <resource-env-ref>
        <description>description9</description>
        <resource-env-ref-name>resource-env-ref-name0</resource-env-ref-name>
        <resource-env-ref-type>resource-env-ref-type0</resource-env-ref-type>
        <mapped-name>mapped-name5</mapped-name>
        <injection-target>
            <injection-target-class>injection-target-class5</injection-target-class>
            <injection-target-name>$</injection-target-name>
        </injection-target>
        <lookup-name>lookup-name5</lookup-name>
    </resource-env-ref>
    <message-destination-ref>
        <description>description10</description>
        <message-destination-ref-name>message-destination-ref-name0</message-destination-ref-name>
        <message-destination-type>message-destination-type0</message-destination-type>
        <message-destination-usage>Consumes</message-destination-usage>
        <message-destination-link>message-destination-link0</message-destination-link>
        <mapped-name>mapped-name6</mapped-name>
        <injection-target>
            <injection-target-class>injection-target-class6</injection-target-class>
            <injection-target-name>$</injection-target-name>
        </injection-target>
        <lookup-name>lookup-name6</lookup-name>
    </message-destination-ref>
    <persistence-context-ref>
        <description>description11</description>
        <persistence-context-ref-name>persistence-context-ref-name0</persistence-context-ref-name>
        <persistence-unit-name>persistence-unit-name0</persistence-unit-name>
        <persistence-context-type>Transaction</persistence-context-type>
        <persistence-property>
            <name>name0</name>
            <value>value0</value>
        </persistence-property>
        <mapped-name>mapped-name7</mapped-name>
        <injection-target>
            <injection-target-class>injection-target-class7</injection-target-class>
            <injection-target-name>$</injection-target-name>
        </injection-target>
    </persistence-context-ref>
    <persistence-unit-ref>
        <description>description12</description>
        <persistence-unit-ref-name>persistence-unit-ref-name0</persistence-unit-ref-name>
        <persistence-unit-name>persistence-unit-name1</persistence-unit-name>
        <mapped-name>mapped-name8</mapped-name>
        <injection-target>
            <injection-target-class>injection-target-class8</injection-target-class>
            <injection-target-name>$</injection-target-name>
        </injection-target>
    </persistence-unit-ref>
    <message-destination>
        <description>description13</description>
        <display-name>display-name3</display-name>
        <icon>
            <small-icon>small-icon3</small-icon>
            <large-icon>large-icon3</large-icon>
        </icon>
        <message-destination-name>message-destination-name0</message-destination-name>
        <mapped-name>mapped-name9</mapped-name>
        <lookup-name>lookup-name7</lookup-name>
    </message-destination>
    <data-source>
        <description>description14</description>
        <name>name1</name>
        <class-name>class-name0</class-name>
        <server-name>server-name0</server-name>
        <port-number>0</port-number>
        <database-name>database-name0</database-name>
        <url>jdbc::</url>
        <user>user0</user>
        <password>password0</password>
        <property>
            <name>name2</name>
            <value>value1</value>
        </property>
        <login-timeout>0</login-timeout>
        <transactional>false</transactional>
        <isolation-level>TRANSACTION_READ_UNCOMMITTED</isolation-level>
        <initial-pool-size>0</initial-pool-size>
        <max-pool-size>0</max-pool-size>
        <min-pool-size>0</min-pool-size>
        <max-idle-time>0</max-idle-time>
        <max-statements>0</max-statements>
    </data-source>
</application>
