<?xml version="1.0" encoding="UTF-8"?>
<taglib xmlns="http://java.sun.com/xml/ns/javaee" xmlns:xsi="http://www.w3.org/2001/XMLSchema-instance" xsi:schemaLocation="http://java.sun.com/xml/ns/javaee http://java.sun.com/xml/ns/javaee/web-jsptaglibrary_2_1.xsd" version="2.1">
    <description>description0</description>
    <description>description1</description>
    <display-name>display-name0</display-name>
    <display-name>display-name1</display-name>
    <icon>
        <small-icon>small-icon0</small-icon>
        <large-icon>large-icon0</large-icon>
    </icon>
    <icon>
        <small-icon>small-icon1</small-icon>
        <large-icon>large-icon1</large-icon>
    </icon>
    <tlib-version>0</tlib-version>
    <short-name>short-name0</short-name>
    <uri>http://www.oxygenxml.com/</uri>
    <validator>
        <description>description2</description>
        <description>description3</description>
        <validator-class>validator-class0</validator-class>
        <init-param>
            <description>description4</description>
            <description>description5</description>
            <param-name>param-name0</param-name>
            <param-value>param-value0</param-value>
        </init-param>
        <init-param>
            <description>description6</description>
            <description>description7</description>
            <param-name>param-name1</param-name>
            <param-value>param-value1</param-value>
        </init-param>
    </validator>
    <listener>
        <description>description8</description>
        <description>description9</description>
        <display-name>display-name2</display-name>
        <display-name>display-name3</display-name>
        <icon>
            <small-icon>small-icon2</small-icon>
            <large-icon>large-icon2</large-icon>
        </icon>
        <icon>
            <small-icon>small-icon3</small-icon>
            <large-icon>large-icon3</large-icon>
        </icon>
        <listener-class>listener-class0</listener-class>
    </listener>
    <listener>
        <description>description10</description>
        <description>description11</description>
        <display-name>display-name4</display-name>
        <display-name>display-name5</display-name>
        <icon>
            <small-icon>small-icon4</small-icon>
            <large-icon>large-icon4</large-icon>
        </icon>
        <icon>
            <small-icon>small-icon5</small-icon>
            <large-icon>large-icon5</large-icon>
        </icon>
        <listener-class>listener-class1</listener-class>
    </listener>
    <tag>
        <description>description12</description>
        <description>description13</description>
        <display-name>display-name6</display-name>
        <display-name>display-name7</display-name>
        <icon>
            <small-icon>small-icon6</small-icon>
            <large-icon>large-icon6</large-icon>
        </icon>
        <icon>
            <small-icon>small-icon7</small-icon>
            <large-icon>large-icon7</large-icon>
        </icon>
        <name>name0</name>
        <tag-class>tag-class0</tag-class>
        <tei-class>tei-class0</tei-class>
        <body-content>tagdependent</body-content>
        <variable>
            <description>description14</description>
            <description>description15</description>
            <name-given>$</name-given>
            <variable-class>variable-class0</variable-class>
            <declare>true</declare>
            <scope>NESTED</scope>
        </variable>
        <variable>
            <description>description16</description>
            <description>description17</description>
            <name-from-attribute>$</name-from-attribute>
            <variable-class>variable-class1</variable-class>
            <declare>true</declare>
            <scope>NESTED</scope>
        </variable>
        <attribute>
            <description>description18</description>
            <description>description19</description>
            <name>name1</name>
            <required>true</required>
            <rtexprvalue>true</rtexprvalue>
            <type>type0</type>
            <deferred-value>
                <type>type1</type>
            </deferred-value>
        </attribute>
        <attribute>
            <description>description20</description>
            <description>description21</description>
            <name>name2</name>
            <required>true</required>
            <fragment>true</fragment>
        </attribute>
        <dynamic-attributes>true</dynamic-attributes>
        <example>example0</example>
    </tag>
    <tag>
        <description>description22</description>
        <description>description23</description>
        <display-name>display-name8</display-name>
        <display-name>display-name9</display-name>
        <icon>
            <small-icon>small-icon8</small-icon>
            <large-icon>large-icon8</large-icon>
        </icon>
        <icon>
            <small-icon>small-icon9</small-icon>
            <large-icon>large-icon9</large-icon>
        </icon>
        <name>name3</name>
        <tag-class>tag-class1</tag-class>
        <tei-class>tei-class1</tei-class>
        <body-content>tagdependent</body-content>
        <variable>
            <description>description24</description>
            <description>description25</description>
            <name-given>$</name-given>
            <variable-class>variable-class2</variable-class>
            <declare>true</declare>
            <scope>NESTED</scope>
        </variable>
        <variable>
            <description>description26</description>
            <description>description27</description>
            <name-from-attribute>$</name-from-attribute>
            <variable-class>variable-class3</variable-class>
            <declare>true</declare>
            <scope>NESTED</scope>
        </variable>
        <attribute>
            <description>description28</description>
            <description>description29</description>
            <name>name4</name>
            <required>true</required>
            <fragment>true</fragment>
        </attribute>
        <attribute>
            <description>description30</description>
            <description>description31</description>
            <name>name5</name>
            <required>true</required>
            <fragment>true</fragment>
        </attribute>
        <dynamic-attributes>true</dynamic-attributes>
        <example>example1</example>
    </tag>
    <tag-file>
        <description>description32</description>
        <description>description33</description>
        <display-name>display-name10</display-name>
        <display-name>display-name11</display-name>
        <icon>
            <small-icon>small-icon10</small-icon>
            <large-icon>large-icon10</large-icon>
        </icon>
        <icon>
            <small-icon>small-icon11</small-icon>
            <large-icon>large-icon11</large-icon>
        </icon>
        <name>name6</name>
        <path>path0</path>
        <example>example2</example>
    </tag-file>
    <tag-file>
        <description>description34</description>
        <description>description35</description>
        <display-name>display-name12</display-name>
        <display-name>display-name13</display-name>
        <icon>
            <small-icon>small-icon12</small-icon>
            <large-icon>large-icon12</large-icon>
        </icon>
        <icon>
            <small-icon>small-icon13</small-icon>
            <large-icon>large-icon13</large-icon>
        </icon>
        <name>name7</name>
        <path>path1</path>
        <example>example3</example>
    </tag-file>
    <function>
        <description>description36</description>
        <description>description37</description>
        <display-name>display-name14</display-name>
        <display-name>display-name15</display-name>
        <icon>
            <small-icon>small-icon14</small-icon>
            <large-icon>large-icon14</large-icon>
        </icon>
        <icon>
            <small-icon>small-icon15</small-icon>
            <large-icon>large-icon15</large-icon>
        </icon>
        <name>name8</name>
        <function-class>function-class0</function-class>
        <function-signature>function-signature0</function-signature>
        <example>example4</example>
    </function>
    <function>
        <description>description38</description>
        <description>description39</description>
        <display-name>display-name16</display-name>
        <display-name>display-name17</display-name>
        <icon>
            <small-icon>small-icon16</small-icon>
            <large-icon>large-icon16</large-icon>
        </icon>
        <icon>
            <small-icon>small-icon17</small-icon>
            <large-icon>large-icon17</large-icon>
        </icon>
        <name>name9</name>
        <function-class>function-class1</function-class>
        <function-signature>function-signature1</function-signature>
        <example>example5</example>
    </function>
</taglib>
