<?xml version="1.0" encoding="UTF-8"?>
<module xmlns="urn:jboss:module:1.3" name="some.module" slot="impl">
  <resources>
    <artifact name="group:artifact:1.1.0"/>
  </resources>
  <dependencies>
    <system export="true">
      <paths>
        <path name="foo/bar/baz"/>
      </paths>
    </system>
    <module name="a.module" slot="impl" services="import" export="true"/>
  </dependencies>
</module>
