<?xml version="1.0" encoding="UTF-8"?>
<module-alias  xmlns="urn:jboss:module:1.3" name="some.module" slot="impl" target-name="some.other.module" target-slot="main"/>
