<?xml version="1.0" encoding="UTF-8"?>
<jboss-web xmlns:javaee="http://java.sun.com/xml/ns/javaee"
 xmlns="http://www.jboss.com/xml/ns/javaee"
 xmlns:xsi="http://www.w3.org/2001/XMLSchema-instance"
 xsi:schemaLocation="http://www.jboss.com/xml/ns/javaee http://www.jboss.org/j2ee/schema/jboss-web_6_0.xsd" version="6.0">
    <class-loading java2ClassLoadingCompliance="false">
        <loader-repository loaderRepositoryClass="loaderRepositoryClass1">
            <loader-repository-config configParserClass="configParserClass1">
            </loader-repository-config>
            <loader-repository-config configParserClass="configParserClass3">
            </loader-repository-config>
        </loader-repository>
    </class-loading>
    <security-domain>security-domain0</security-domain>
    <jacc-star-role-allow>true</jacc-star-role-allow>
    <context-root>context-root0</context-root>
    <virtual-host>virtual-host0</virtual-host>
    <virtual-host>virtual-host1</virtual-host>
    <use-session-cookies>true</use-session-cookies>
    <replication-config>
        <cache-name>cache-name0</cache-name>
        <replication-trigger>ACCESS</replication-trigger>
        <replication-granularity>SESSION</replication-granularity>
        <replication-mode>SYNCHRONOUS</replication-mode>
        <backups>0</backups>
        <use-jk>true</use-jk>
        <max-unreplicated-interval>0</max-unreplicated-interval>
        <snapshot-mode>INSTANT</snapshot-mode>
        <snapshot-interval>0</snapshot-interval>
        <session-notification-policy>session-notification-policy0</session-notification-policy>
    </replication-config>
    <env-entry>
        <description>description0</description>
        <description>description1</description>
        <env-entry-name>env-entry-name0</env-entry-name>
        <env-entry-type>env-entry-type0</env-entry-type>
        <env-entry-value>env-entry-value0</env-entry-value>
        <jndi-name>jndi-name0</jndi-name>
        <injection-target>
            <injection-target-class>injection-target-class0</injection-target-class>
            <injection-target-name>$</injection-target-name>
        </injection-target>
        <injection-target>
            <injection-target-class>injection-target-class1</injection-target-class>
            <injection-target-name>$</injection-target-name>
        </injection-target>
        <ignore-dependency/>
    </env-entry>
    <env-entry>
        <description>description2</description>
        <description>description3</description>
        <env-entry-name>env-entry-name1</env-entry-name>
        <env-entry-type>env-entry-type1</env-entry-type>
        <env-entry-value>env-entry-value1</env-entry-value>
        <mapped-name>mapped-name0</mapped-name>
        <injection-target>
            <injection-target-class>injection-target-class2</injection-target-class>
            <injection-target-name>$</injection-target-name>
        </injection-target>
        <injection-target>
            <injection-target-class>injection-target-class3</injection-target-class>
            <injection-target-name>$</injection-target-name>
        </injection-target>
        <ignore-dependency/>
    </env-entry>
    <ejb-ref>
        <description>description4</description>
        <description>description5</description>
        <ejb-ref-name>ejb-ref-name0</ejb-ref-name>
        <ejb-ref-type>Entity</ejb-ref-type>
        <home>home0</home>
        <remote>remote0</remote>
        <ejb-link>ejb-link0</ejb-link>
        <jndi-name>jndi-name1</jndi-name>
        <injection-target>
            <injection-target-class>injection-target-class4</injection-target-class>
            <injection-target-name>$</injection-target-name>
        </injection-target>
        <injection-target>
            <injection-target-class>injection-target-class5</injection-target-class>
            <injection-target-name>$</injection-target-name>
        </injection-target>
        <ignore-dependency/>
    </ejb-ref>
    <ejb-ref>
        <description>description6</description>
        <description>description7</description>
        <ejb-ref-name>ejb-ref-name1</ejb-ref-name>
        <ejb-ref-type>Entity</ejb-ref-type>
        <home>home1</home>
        <remote>remote1</remote>
        <ejb-link>ejb-link1</ejb-link>
        <jndi-name>jndi-name2</jndi-name>
        <injection-target>
            <injection-target-class>injection-target-class6</injection-target-class>
            <injection-target-name>$</injection-target-name>
        </injection-target>
        <injection-target>
            <injection-target-class>injection-target-class7</injection-target-class>
            <injection-target-name>$</injection-target-name>
        </injection-target>
        <ignore-dependency/>
    </ejb-ref>
    <ejb-local-ref>
        <description>description8</description>
        <description>description9</description>
        <ejb-ref-name>ejb-ref-name2</ejb-ref-name>
        <ejb-ref-type>Entity</ejb-ref-type>
        <local-home>local-home0</local-home>
        <local>local0</local>
        <ejb-link>ejb-link2</ejb-link>
        <local-jndi-name>local-jndi-name0</local-jndi-name>
        <jndi-name>jndi-name3</jndi-name>
        <injection-target>
            <injection-target-class>injection-target-class8</injection-target-class>
            <injection-target-name>$</injection-target-name>
        </injection-target>
        <injection-target>
            <injection-target-class>injection-target-class9</injection-target-class>
            <injection-target-name>$</injection-target-name>
        </injection-target>
        <ignore-dependency/>
    </ejb-local-ref>
    <ejb-local-ref>
        <description>description10</description>
        <description>description11</description>
        <ejb-ref-name>ejb-ref-name3</ejb-ref-name>
        <ejb-ref-type>Entity</ejb-ref-type>
        <local-home>local-home1</local-home>
        <local>local1</local>
        <ejb-link>ejb-link3</ejb-link>
        <local-jndi-name>local-jndi-name1</local-jndi-name>
        <mapped-name>mapped-name1</mapped-name>
        <injection-target>
            <injection-target-class>injection-target-class10</injection-target-class>
            <injection-target-name>$</injection-target-name>
        </injection-target>
        <injection-target>
            <injection-target-class>injection-target-class11</injection-target-class>
            <injection-target-name>$</injection-target-name>
        </injection-target>
        <ignore-dependency/>
    </ejb-local-ref>
    <service-ref>
        <service-ref-name>service-ref-name0</service-ref-name>
        <service-impl-class>service-impl-class0</service-impl-class>
        <service-qname>service-qname0</service-qname>
        <config-name>config-name0</config-name>
        <config-file>config-file0</config-file>
        <handler-chain>handler-chain0</handler-chain>
        <port-component-ref>
            <service-endpoint-interface>service-endpoint-interface0</service-endpoint-interface>
            <port-qname>port-qname0</port-qname>
            <config-name>config-name1</config-name>
            <config-file>config-file1</config-file>
            <stub-property>
                <prop-name>prop-name0</prop-name>
                <prop-value>prop-value0</prop-value>
            </stub-property>
            <stub-property>
                <prop-name>prop-name1</prop-name>
                <prop-value>prop-value1</prop-value>
            </stub-property>
            <call-property>
                <prop-name>prop-name2</prop-name>
                <prop-value>prop-value2</prop-value>
            </call-property>
            <call-property>
                <prop-name>prop-name3</prop-name>
                <prop-value>prop-value3</prop-value>
            </call-property>
        </port-component-ref>
        <port-component-ref>
            <service-endpoint-interface>service-endpoint-interface1</service-endpoint-interface>
            <port-qname>port-qname1</port-qname>
            <config-name>config-name2</config-name>
            <config-file>config-file2</config-file>
            <stub-property>
                <prop-name>prop-name4</prop-name>
                <prop-value>prop-value4</prop-value>
            </stub-property>
            <stub-property>
                <prop-name>prop-name5</prop-name>
                <prop-value>prop-value5</prop-value>
            </stub-property>
            <call-property>
                <prop-name>prop-name6</prop-name>
                <prop-value>prop-value6</prop-value>
            </call-property>
            <call-property>
                <prop-name>prop-name7</prop-name>
                <prop-value>prop-value7</prop-value>
            </call-property>
        </port-component-ref>
        <wsdl-override>wsdl-override0</wsdl-override>
    </service-ref>
    <service-ref>
        <service-ref-name>service-ref-name1</service-ref-name>
        <service-impl-class>service-impl-class1</service-impl-class>
        <service-qname>service-qname1</service-qname>
        <config-name>config-name3</config-name>
        <config-file>config-file3</config-file>
        <handler-chain>handler-chain1</handler-chain>
        <port-component-ref>
            <service-endpoint-interface>service-endpoint-interface2</service-endpoint-interface>
            <port-qname>port-qname2</port-qname>
            <config-name>config-name4</config-name>
            <config-file>config-file4</config-file>
            <stub-property>
                <prop-name>prop-name8</prop-name>
                <prop-value>prop-value8</prop-value>
            </stub-property>
            <stub-property>
                <prop-name>prop-name9</prop-name>
                <prop-value>prop-value9</prop-value>
            </stub-property>
            <call-property>
                <prop-name>prop-name10</prop-name>
                <prop-value>prop-value10</prop-value>
            </call-property>
            <call-property>
                <prop-name>prop-name11</prop-name>
                <prop-value>prop-value11</prop-value>
            </call-property>
        </port-component-ref>
        <port-component-ref>
            <service-endpoint-interface>service-endpoint-interface3</service-endpoint-interface>
            <port-qname>port-qname3</port-qname>
            <config-name>config-name5</config-name>
            <config-file>config-file5</config-file>
            <stub-property>
                <prop-name>prop-name12</prop-name>
                <prop-value>prop-value12</prop-value>
            </stub-property>
            <stub-property>
                <prop-name>prop-name13</prop-name>
                <prop-value>prop-value13</prop-value>
            </stub-property>
            <call-property>
                <prop-name>prop-name14</prop-name>
                <prop-value>prop-value14</prop-value>
            </call-property>
            <call-property>
                <prop-name>prop-name15</prop-name>
                <prop-value>prop-value15</prop-value>
            </call-property>
        </port-component-ref>
        <wsdl-override>wsdl-override1</wsdl-override>
    </service-ref>
    <resource-ref>
        <description>description12</description>
        <description>description13</description>
        <res-ref-name>res-ref-name0</res-ref-name>
        <res-type>res-type0</res-type>
        <res-auth>Application</res-auth>
        <res-sharing-scope>Shareable</res-sharing-scope>
        <jndi-name>jndi-name4</jndi-name>
        <injection-target>
            <injection-target-class>injection-target-class12</injection-target-class>
            <injection-target-name>$</injection-target-name>
        </injection-target>
        <injection-target>
            <injection-target-class>injection-target-class13</injection-target-class>
            <injection-target-name>$</injection-target-name>
        </injection-target>
        <ignore-dependency/>
    </resource-ref>
    <resource-ref>
        <description>description14</description>
        <description>description15</description>
        <res-ref-name>res-ref-name1</res-ref-name>
        <res-type>res-type1</res-type>
        <res-auth>Application</res-auth>
        <res-sharing-scope>Shareable</res-sharing-scope>
        <mapped-name>mapped-name2</mapped-name>
        <injection-target>
            <injection-target-class>injection-target-class14</injection-target-class>
            <injection-target-name>$</injection-target-name>
        </injection-target>
        <injection-target>
            <injection-target-class>injection-target-class15</injection-target-class>
            <injection-target-name>$</injection-target-name>
        </injection-target>
        <ignore-dependency/>
    </resource-ref>
    <resource-env-ref>
        <description>description16</description>
        <description>description17</description>
        <resource-env-ref-name>resource-env-ref-name0</resource-env-ref-name>
        <resource-env-ref-type>resource-env-ref-type0</resource-env-ref-type>
        <mapped-name>mapped-name3</mapped-name>
        <injection-target>
            <injection-target-class>injection-target-class16</injection-target-class>
            <injection-target-name>$</injection-target-name>
        </injection-target>
        <injection-target>
            <injection-target-class>injection-target-class17</injection-target-class>
            <injection-target-name>$</injection-target-name>
        </injection-target>
        <ignore-dependency/>
    </resource-env-ref>
    <resource-env-ref>
        <description>description18</description>
        <description>description19</description>
        <resource-env-ref-name>resource-env-ref-name1</resource-env-ref-name>
        <resource-env-ref-type>resource-env-ref-type1</resource-env-ref-type>
        <jndi-name>jndi-name5</jndi-name>
        <injection-target>
            <injection-target-class>injection-target-class18</injection-target-class>
            <injection-target-name>$</injection-target-name>
        </injection-target>
        <injection-target>
            <injection-target-class>injection-target-class19</injection-target-class>
            <injection-target-name>$</injection-target-name>
        </injection-target>
        <ignore-dependency/>
    </resource-env-ref>
    <message-destination-ref>
        <description>description20</description>
        <description>description21</description>
        <message-destination-ref-name>message-destination-ref-name0</message-destination-ref-name>
        <message-destination-type>message-destination-type0</message-destination-type>
        <message-destination-usage>Consumes</message-destination-usage>
        <message-destination-link>message-destination-link0</message-destination-link>
        <mapped-name>mapped-name4</mapped-name>
        <injection-target>
            <injection-target-class>injection-target-class20</injection-target-class>
            <injection-target-name>$</injection-target-name>
        </injection-target>
        <injection-target>
            <injection-target-class>injection-target-class21</injection-target-class>
            <injection-target-name>$</injection-target-name>
        </injection-target>
        <ignore-dependency/>
    </message-destination-ref>
    <message-destination-ref>
        <description>description22</description>
        <description>description23</description>
        <message-destination-ref-name>message-destination-ref-name1</message-destination-ref-name>
        <message-destination-type>message-destination-type1</message-destination-type>
        <message-destination-usage>Consumes</message-destination-usage>
        <message-destination-link>message-destination-link1</message-destination-link>
        <jndi-name>jndi-name6</jndi-name>
        <injection-target>
            <injection-target-class>injection-target-class22</injection-target-class>
            <injection-target-name>$</injection-target-name>
        </injection-target>
        <injection-target>
            <injection-target-class>injection-target-class23</injection-target-class>
            <injection-target-name>$</injection-target-name>
        </injection-target>
        <ignore-dependency/>
    </message-destination-ref>
    <persistence-context-ref>
        <description>description24</description>
        <description>description25</description>
        <persistence-context-ref-name>persistence-context-ref-name0</persistence-context-ref-name>
        <persistence-unit-name>persistence-unit-name0</persistence-unit-name>
        <persistence-context-type>Transaction</persistence-context-type>
        <persistence-property>
            <name>name0</name>
            <value>value0</value>
        </persistence-property>
        <persistence-property>
            <name>name1</name>
            <value>value1</value>
        </persistence-property>
        <mapped-name>mapped-name5</mapped-name>
        <injection-target>
            <injection-target-class>injection-target-class24</injection-target-class>
            <injection-target-name>$</injection-target-name>
        </injection-target>
        <injection-target>
            <injection-target-class>injection-target-class25</injection-target-class>
            <injection-target-name>$</injection-target-name>
        </injection-target>
        <ignore-dependency/>
    </persistence-context-ref>
    <persistence-context-ref>
        <description>description26</description>
        <description>description27</description>
        <persistence-context-ref-name>persistence-context-ref-name1</persistence-context-ref-name>
        <persistence-unit-name>persistence-unit-name1</persistence-unit-name>
        <persistence-context-type>Transaction</persistence-context-type>
        <persistence-property>
            <name>name2</name>
            <value>value2</value>
        </persistence-property>
        <persistence-property>
            <name>name3</name>
            <value>value3</value>
        </persistence-property>
        <mapped-name>mapped-name6</mapped-name>
        <injection-target>
            <injection-target-class>injection-target-class26</injection-target-class>
            <injection-target-name>$</injection-target-name>
        </injection-target>
        <injection-target>
            <injection-target-class>injection-target-class27</injection-target-class>
            <injection-target-name>$</injection-target-name>
        </injection-target>
        <ignore-dependency/>
    </persistence-context-ref>
    <persistence-unit-ref>
        <description>description28</description>
        <description>description29</description>
        <persistence-unit-ref-name>persistence-unit-ref-name0</persistence-unit-ref-name>
        <persistence-unit-name>persistence-unit-name2</persistence-unit-name>
        <jndi-name>jndi-name7</jndi-name>
        <injection-target>
            <injection-target-class>injection-target-class28</injection-target-class>
            <injection-target-name>$</injection-target-name>
        </injection-target>
        <injection-target>
            <injection-target-class>injection-target-class29</injection-target-class>
            <injection-target-name>$</injection-target-name>
        </injection-target>
        <ignore-dependency/>
    </persistence-unit-ref>
    <persistence-unit-ref>
        <description>description30</description>
        <description>description31</description>
        <persistence-unit-ref-name>persistence-unit-ref-name1</persistence-unit-ref-name>
        <persistence-unit-name>persistence-unit-name3</persistence-unit-name>
        <mapped-name>mapped-name7</mapped-name>
        <injection-target>
            <injection-target-class>injection-target-class30</injection-target-class>
            <injection-target-name>$</injection-target-name>
        </injection-target>
        <injection-target>
            <injection-target-class>injection-target-class31</injection-target-class>
            <injection-target-name>$</injection-target-name>
        </injection-target>
        <ignore-dependency/>
    </persistence-unit-ref>
    <post-construct>
        <lifecycle-callback-class>lifecycle-callback-class0</lifecycle-callback-class>
        <lifecycle-callback-method>$</lifecycle-callback-method>
    </post-construct>
    <post-construct>
        <lifecycle-callback-class>lifecycle-callback-class1</lifecycle-callback-class>
        <lifecycle-callback-method>$</lifecycle-callback-method>
    </post-construct>
    <pre-destroy>
        <lifecycle-callback-class>lifecycle-callback-class2</lifecycle-callback-class>
        <lifecycle-callback-method>$</lifecycle-callback-method>
    </pre-destroy>
    <pre-destroy>
        <lifecycle-callback-class>lifecycle-callback-class3</lifecycle-callback-class>
        <lifecycle-callback-method>$</lifecycle-callback-method>
    </pre-destroy>
    <data-source>
        <description>description32</description>
        <name>name0</name>
        <class-name>class-name0</class-name>
        <server-name>server-name0</server-name>
        <port-number>0</port-number>
        <database-name>database-name0</database-name>
        <url>jdbc::</url>
        <user>user0</user>
        <password>password0</password>
        <property>
            <name>name4</name>
            <value>value4</value>
        </property>
        <property>
            <name>name5</name>
            <value>value5</value>
        </property>
        <login-timeout>0</login-timeout>
        <transactional>false</transactional>
        <isolation-level>TRANSACTION_READ_UNCOMMITTED</isolation-level>
        <initial-pool-size>0</initial-pool-size>
        <max-pool-size>0</max-pool-size>
        <min-pool-size>0</min-pool-size>
        <max-idle-time>0</max-idle-time>
        <max-statements>0</max-statements>
    </data-source>
    <data-source>
        <description>description33</description>
        <name>name1</name>
        <class-name>class-name1</class-name>
        <server-name>server-name1</server-name>
        <port-number>0</port-number>
        <database-name>database-name1</database-name>
        <url>jdbc::</url>
        <user>user1</user>
        <password>password1</password>
        <property>
            <name>name6</name>
            <value>value6</value>
        </property>
        <property>
            <name>name7</name>
            <value>value7</value>
        </property>
        <login-timeout>0</login-timeout>
        <transactional>false</transactional>
        <isolation-level>TRANSACTION_READ_UNCOMMITTED</isolation-level>
        <initial-pool-size>0</initial-pool-size>
        <max-pool-size>0</max-pool-size>
        <min-pool-size>0</min-pool-size>
        <max-idle-time>0</max-idle-time>
        <max-statements>0</max-statements>
    </data-source>
    <security-role>
        <description>description34</description>
        <description>description35</description>
        <role-name>role-name0</role-name>
        <principal-name>principal-name0</principal-name>
        <principal-name>principal-name1</principal-name>
    </security-role>
    <security-role>
        <description>description36</description>
        <description>description37</description>
        <role-name>role-name1</role-name>
        <principal-name>principal-name2</principal-name>
        <principal-name>principal-name3</principal-name>
    </security-role>
    <message-destination>
        <description>description38</description>
        <description>description39</description>
        <display-name>display-name0</display-name>
        <display-name>display-name1</display-name>
        <icon>
            <small-icon>small-icon0</small-icon>
            <large-icon>large-icon0</large-icon>
        </icon>
        <icon>
            <small-icon>small-icon1</small-icon>
            <large-icon>large-icon1</large-icon>
        </icon>
        <message-destination-name>message-destination-name0</message-destination-name>
        <mapped-name>mapped-name8</mapped-name>
        <lookup-name>lookup-name0</lookup-name>
    </message-destination>
    <message-destination>
        <description>description40</description>
        <description>description41</description>
        <display-name>display-name2</display-name>
        <display-name>display-name3</display-name>
        <icon>
            <small-icon>small-icon2</small-icon>
            <large-icon>large-icon2</large-icon>
        </icon>
        <icon>
            <small-icon>small-icon3</small-icon>
            <large-icon>large-icon3</large-icon>
        </icon>
        <message-destination-name>message-destination-name1</message-destination-name>
        <mapped-name>mapped-name9</mapped-name>
        <lookup-name>lookup-name1</lookup-name>
    </message-destination>
    <webservice-description>
        <webservice-description-name>webservice-description-name0</webservice-description-name>
        <config-name>config-name6</config-name>
        <config-file>config-file6</config-file>
        <wsdl-publish-location>wsdl-publish-location0</wsdl-publish-location>
    </webservice-description>
    <webservice-description>
        <webservice-description-name>webservice-description-name1</webservice-description-name>
        <config-name>config-name7</config-name>
        <config-file>config-file7</config-file>
        <wsdl-publish-location>wsdl-publish-location1</wsdl-publish-location>
    </webservice-description>
    <depends>depends0</depends>
    <depends>depends1</depends>
    <servlet>
        <servlet-name>servlet-name0</servlet-name>
        <run-as-principal>run-as-principal0</run-as-principal>
        <servlet-security>
            <empty-role-semantic>empty-role-semantic0</empty-role-semantic>
            <transport-guarantee>NONE</transport-guarantee>
            <roles-allowed>roles-allowed0</roles-allowed>
            <roles-allowed>roles-allowed1</roles-allowed>
            <http-method-constraint>
                <method>method0</method>
                <empty-role-semantic>PERMIT</empty-role-semantic>
                <transport-guarantee>NONE</transport-guarantee>
                <roles-allowed>roles-allowed2</roles-allowed>
                <roles-allowed>roles-allowed3</roles-allowed>
            </http-method-constraint>
            <http-method-constraint>
                <method>method1</method>
                <empty-role-semantic>PERMIT</empty-role-semantic>
                <transport-guarantee>NONE</transport-guarantee>
                <roles-allowed>roles-allowed4</roles-allowed>
                <roles-allowed>roles-allowed5</roles-allowed>
            </http-method-constraint>
        </servlet-security>
    </servlet>
    <servlet>
        <servlet-name>servlet-name1</servlet-name>
        <run-as-principal>run-as-principal1</run-as-principal>
        <servlet-security>
            <empty-role-semantic>empty-role-semantic3</empty-role-semantic>
            <transport-guarantee>NONE</transport-guarantee>
            <roles-allowed>roles-allowed6</roles-allowed>
            <roles-allowed>roles-allowed7</roles-allowed>
            <http-method-constraint>
                <method>method2</method>
                <empty-role-semantic>PERMIT</empty-role-semantic>
                <transport-guarantee>NONE</transport-guarantee>
                <roles-allowed>roles-allowed8</roles-allowed>
                <roles-allowed>roles-allowed9</roles-allowed>
            </http-method-constraint>
            <http-method-constraint>
                <method>method3</method>
                <empty-role-semantic>PERMIT</empty-role-semantic>
                <transport-guarantee>NONE</transport-guarantee>
                <roles-allowed>roles-allowed10</roles-allowed>
                <roles-allowed>roles-allowed11</roles-allowed>
            </http-method-constraint>
        </servlet-security>
    </servlet>
    <max-active-sessions>0</max-active-sessions>
    <passivation-config>
        <use-session-passivation>true</use-session-passivation>
        <passivation-min-idle-time>0</passivation-min-idle-time>
        <passivation-max-idle-time>0</passivation-max-idle-time>
    </passivation-config>
    <annotation>
        <class-name>class-name2</class-name>
        <servlet-security>
            <empty-role-semantic>empty-role-semantic6</empty-role-semantic>
            <transport-guarantee>NONE</transport-guarantee>
            <roles-allowed>roles-allowed12</roles-allowed>
            <roles-allowed>roles-allowed13</roles-allowed>
            <http-method-constraint>
                <method>method4</method>
                <empty-role-semantic>PERMIT</empty-role-semantic>
                <transport-guarantee>NONE</transport-guarantee>
                <roles-allowed>roles-allowed14</roles-allowed>
                <roles-allowed>roles-allowed15</roles-allowed>
            </http-method-constraint>
            <http-method-constraint>
                <method>method5</method>
                <empty-role-semantic>PERMIT</empty-role-semantic>
                <transport-guarantee>NONE</transport-guarantee>
                <roles-allowed>roles-allowed16</roles-allowed>
                <roles-allowed>roles-allowed17</roles-allowed>
            </http-method-constraint>
        </servlet-security>
        <run-as>
            <description>description42</description>
            <description>description43</description>
            <role-name>role-name2</role-name>
        </run-as>
        <multipart-config>
            <location>location0</location>
            <max-file-size>-1073741773</max-file-size>
            <max-request-size>-1073741773</max-request-size>
            <file-size-threshold>0</file-size-threshold>
        </multipart-config>
    </annotation>
</jboss-web>
