<?xml version="1.0" encoding="UTF-8"?>
<jboss xmlns:javaee="http://java.sun.com/xml/ns/javaee"
 xmlns="http://www.jboss.com/xml/ns/javaee"
 xmlns:xsi="http://www.w3.org/2001/XMLSchema-instance"
 xsi:schemaLocation="http://www.jboss.com/xml/ns/javaee file:/home/bfr/dev/shrinkwrap-descriptors/descriptors/gen/src/main/resources/xsd/jboss_5_1.xsd">
    <description>description0</description>
    <display-name>display-name0</display-name>
    <icon>
        <javaee:small-icon>small-icon0</javaee:small-icon>
        <javaee:large-icon>large-icon0</javaee:large-icon>
    </icon>
    <loader-repository>
        <loader-repository-config>
        </loader-repository-config>
    </loader-repository>
    <jmx-name>jmx-name0</jmx-name>
    <security-domain>security-domain0</security-domain>
    <missing-method-permissions-excluded-mode>false</missing-method-permissions-excluded-mode>
    <unauthenticated-principal>unauthenticated-principal0</unauthenticated-principal>
    <jndi-binding-policy>jndi-binding-policy0</jndi-binding-policy>
    <jacc-context-id>jacc-context-id0</jacc-context-id>
    <webservices>
        <context-root>context-root0</context-root>
        <webservice-description>
            <webservice-description-name>webservice-description-name0</webservice-description-name>
            <config-name>config-name0</config-name>
            <config-file>config-file0</config-file>
            <wsdl-publish-location>wsdl-publish-location0</wsdl-publish-location>
        </webservice-description>
    </webservices>
    <enterprise-beans>
        <message-driven>
            <description>description1</description>
            <display-name>display-name1</display-name>
            <icon>
                <javaee:small-icon>small-icon1</javaee:small-icon>
                <javaee:large-icon>large-icon1</javaee:large-icon>
            </icon>
            <ejb-name>ejb-name0</ejb-name>
            <activation-config>
                <description>description2</description>
                <activation-config-property>
                    <activation-config-property-name>activation-config-property-name0</activation-config-property-name>
                    <activation-config-property-value>activation-config-property-value0</activation-config-property-value>
                </activation-config-property>
            </activation-config>
            <destination-jndi-name>destination-jndi-name0</destination-jndi-name>
            <mdb-user>mdb-user0</mdb-user>
            <mdb-passwd>mdb-passwd0</mdb-passwd>
            <mdb-client-id>mdb-client-id0</mdb-client-id>
            <mdb-subscription-id>mdb-subscription-id0</mdb-subscription-id>
            <resource-adapter-name>resource-adapter-name0</resource-adapter-name>
            <ejb-ref>
                <description>description3</description>
                <ejb-ref-name>ejb-ref-name0</ejb-ref-name>
                <ejb-ref-type>Entity</ejb-ref-type>
                <home>home0</home>
                <remote>remote0</remote>
                <ejb-link>ejb-link0</ejb-link>
                <mapped-name>mapped-name0</mapped-name>
                <injection-target>
                    <injection-target-class>injection-target-class0</injection-target-class>
                    <injection-target-name>$</injection-target-name>
                </injection-target>
                <ignore-dependency/>
            </ejb-ref>
            <ejb-local-ref>
                <description>description4</description>
                <ejb-ref-name>ejb-ref-name1</ejb-ref-name>
                <ejb-ref-type>Entity</ejb-ref-type>
                <local-home>local-home0</local-home>
                <local>local0</local>
                <ejb-link>ejb-link1</ejb-link>
                <local-jndi-name>local-jndi-name0</local-jndi-name>
                <mapped-name>mapped-name1</mapped-name>
                <injection-target>
                    <injection-target-class>injection-target-class1</injection-target-class>
                    <injection-target-name>$</injection-target-name>
                </injection-target>
                <ignore-dependency/>
            </ejb-local-ref>
            <service-ref>
                <service-ref-name>service-ref-name0</service-ref-name>
                <service-impl-class>service-impl-class0</service-impl-class>
                <service-qname>service-qname0</service-qname>
                <config-name>config-name1</config-name>
                <config-file>config-file1</config-file>
                <handler-chain>handler-chain0</handler-chain>
                <port-component-ref>
                    <service-endpoint-interface>service-endpoint-interface0</service-endpoint-interface>
                    <port-qname>port-qname0</port-qname>
                    <config-name>config-name2</config-name>
                    <config-file>config-file2</config-file>
                    <stub-property>
                    </stub-property>
                    <call-property>
                    </call-property>
                </port-component-ref>
                <wsdl-override>wsdl-override0</wsdl-override>
            </service-ref>
            <resource-ref>
                <description>description5</description>
                <res-ref-name>res-ref-name0</res-ref-name>
                <res-type>res-type0</res-type>
                <res-auth>Application</res-auth>
                <res-sharing-scope>Shareable</res-sharing-scope>
                <resource-name>resource-name0</resource-name>
                <injection-target>
                    <injection-target-class>injection-target-class2</injection-target-class>
                    <injection-target-name>$</injection-target-name>
                </injection-target>
                <ignore-dependency/>
            </resource-ref>
            <resource-env-ref>
                <description>description6</description>
                <resource-env-ref-name>resource-env-ref-name0</resource-env-ref-name>
                <resource-env-ref-type>resource-env-ref-type0</resource-env-ref-type>
                <jndi-name>jndi-name0</jndi-name>
                <injection-target>
                    <injection-target-class>injection-target-class3</injection-target-class>
                    <injection-target-name>$</injection-target-name>
                </injection-target>
                <ignore-dependency/>
            </resource-env-ref>
            <message-destination-ref>
                <description>description7</description>
                <message-destination-ref-name>message-destination-ref-name0</message-destination-ref-name>
                <message-destination-type>message-destination-type0</message-destination-type>
                <message-destination-usage>Consumes</message-destination-usage>
                <message-destination-link>message-destination-link0</message-destination-link>
                <mapped-name>mapped-name2</mapped-name>
                <injection-target>
                    <injection-target-class>injection-target-class4</injection-target-class>
                    <injection-target-name>$</injection-target-name>
                </injection-target>
                <ignore-dependency/>
            </message-destination-ref>
            <security-identity>
                <description>description8</description>
                <run-as>
                    <description>description9</description>
                    <role-name>role-name0</role-name>
                </run-as>
                <run-as-principal>run-as-principal0</run-as-principal>
            </security-identity>
            <security-domain>security-domain1</security-domain>
            <method-attributes>
                <method>
                    <method-name>method-name0</method-name>
                    <read-only>false</read-only>
                    <idempotent>false</idempotent>
                    <transaction-timeout>transaction-timeout0</transaction-timeout>
                </method>
            </method-attributes>
            <depends>depends0</depends>
            <ejb-timeout-identity>
                <description>description10</description>
                <run-as>
                    <description>description11</description>
                    <role-name>role-name1</role-name>
                </run-as>
                <run-as-principal>run-as-principal1</run-as-principal>
            </ejb-timeout-identity>
            <annotation>
                <description>description12</description>
                <annotation-class>annotation-class0</annotation-class>
                <annotation-implementation-class>annotation-implementation-class0</annotation-implementation-class>
                <injection-target>
                    <injection-target-class>injection-target-class5</injection-target-class>
                    <injection-target-name>$</injection-target-name>
                </injection-target>
                <property>
                    <description>description13</description>
                    <property-name>property-name0</property-name>
                    <property-value>property-value0</property-value>
                </property>
            </annotation>
            <ignore-dependency>
                <description>description14</description>
                <injection-target>
                    <injection-target-class>injection-target-class6</injection-target-class>
                    <injection-target-name>$</injection-target-name>
                </injection-target>
            </ignore-dependency>
            <aop-domain-name>aop-domain-name0</aop-domain-name>
            <pool-config>
                <pool-value>pool-value0</pool-value>
                <pool-max-size>0</pool-max-size>
                <pool-timeout>0</pool-timeout>
            </pool-config>
            <jndi-ref>
                <description>description15</description>
                <jndi-ref-name>jndi-ref-name0</jndi-ref-name>
                <mapped-name>mapped-name3</mapped-name>
                <injection-target>
                    <injection-target-class>injection-target-class7</injection-target-class>
                    <injection-target-name>$</injection-target-name>
                </injection-target>
                <ignore-dependency/>
            </jndi-ref>
            <create-destination>false</create-destination>
        </message-driven>
    </enterprise-beans>
    <assembly-descriptor>
        <security-role>
            <description>description16</description>
            <role-name>role-name2</role-name>
            <principal-name>principal-name0</principal-name>
        </security-role>
        <message-destination>
            <description>description17</description>
            <display-name>display-name2</display-name>
            <icon>
                <javaee:small-icon>small-icon2</javaee:small-icon>
                <javaee:large-icon>large-icon2</javaee:large-icon>
            </icon>
            <message-destination-name>message-destination-name0</message-destination-name>
            <jndi-name>jndi-name1</jndi-name>
        </message-destination>
    </assembly-descriptor>
    <resource-managers>
        <description>description18</description>
        <resource-manager>
            <description>description19</description>
            <res-name>res-name0</res-name>
            <res-url>res-url0</res-url>
        </resource-manager>
    </resource-managers>
</jboss>
