<?xml version="1.0" encoding="UTF-8"?>
<ejb-jar xmlns="http://java.sun.com/xml/ns/javaee"
 xmlns:xsi="http://www.w3.org/2001/XMLSchema-instance"
 xsi:schemaLocation="http://java.sun.com/xml/ns/javaee http://java.sun.com/xml/ns/javaee/ejb-jar_3_1.xsd" version="3.1">
    <module-name>module-name0</module-name>
    <description>description0</description>
    <display-name>display-name0</display-name>
    <icon>
        <small-icon>small-icon0</small-icon>
        <large-icon>large-icon0</large-icon>
    </icon>
    <enterprise-beans>
        <message-driven>
            <description>description1</description>
            <display-name>display-name1</display-name>
            <icon>
                <small-icon>small-icon1</small-icon>
                <large-icon>large-icon1</large-icon>
            </icon>
            <ejb-name>ejb-name0</ejb-name>
            <mapped-name>mapped-name0</mapped-name>
            <ejb-class>ejb-class0</ejb-class>
            <messaging-type>messaging-type0</messaging-type>
            <timeout-method>
                <method-name>method-name0</method-name>
                <method-params>
                    <method-param>method-param0</method-param>
                </method-params>
            </timeout-method>
            <timer>
                <description>description2</description>
                <schedule>
                    <second>second0</second>
                    <minute>minute0</minute>
                    <hour>hour0</hour>
                    <day-of-month>day-of-month0</day-of-month>
                    <month>month0</month>
                    <day-of-week>day-of-week0</day-of-week>
                    <year>year0</year>
                </schedule>
                <!--start>2006-05-04T18:13:51.0Z</start>
                <end>2006-05-04T18:13:51.0Z</end -->
                <timeout-method>
                    <method-name>method-name1</method-name>
                    <method-params>
		        <method-param>method-param0</method-param>
		    </method-params>
                </timeout-method>
                <persistent>false</persistent>
                <timezone>timezone0</timezone>
                <info>info0</info>
            </timer>
            <transaction-type>Bean</transaction-type>
            <message-destination-type>message-destination-type0</message-destination-type>
            <message-destination-link>message-destination-link0</message-destination-link>
            <activation-config>
                <description>description3</description>
                <activation-config-property>
                    <activation-config-property-name>activation-config-property-name0</activation-config-property-name>
                    <activation-config-property-value>activation-config-property-value0</activation-config-property-value>
                </activation-config-property>
            </activation-config>
            <around-invoke>
                <class>class0</class>
                <method-name>$</method-name>
            </around-invoke>
            <around-timeout>
                <class>class1</class>
                <method-name>$</method-name>
            </around-timeout>
            <env-entry>
                <description>description4</description>
                <env-entry-name>env-entry-name0</env-entry-name>
                <env-entry-type>env-entry-type0</env-entry-type>
                <env-entry-value>env-entry-value0</env-entry-value>
                <mapped-name>mapped-name1</mapped-name>
                <injection-target>
                    <injection-target-class>injection-target-class0</injection-target-class>
                    <injection-target-name>$</injection-target-name>
                </injection-target>
                <lookup-name>lookup-name0</lookup-name>
            </env-entry>
            <ejb-ref>
                <description>description5</description>
                <ejb-ref-name>ejb-ref-name0</ejb-ref-name>
                <ejb-ref-type>Entity</ejb-ref-type>
                <home>home0</home>
                <remote>remote0</remote>
                <ejb-link>ejb-link0</ejb-link>
                <mapped-name>mapped-name2</mapped-name>
                <injection-target>
                    <injection-target-class>injection-target-class1</injection-target-class>
                    <injection-target-name>$</injection-target-name>
                </injection-target>
                <lookup-name>lookup-name1</lookup-name>
            </ejb-ref>
            <ejb-local-ref>
                <description>description6</description>
                <ejb-ref-name>ejb-ref-name1</ejb-ref-name>
                <ejb-ref-type>Entity</ejb-ref-type>
                <local-home>local-home0</local-home>
                <local>local0</local>
                <ejb-link>ejb-link1</ejb-link>
                <mapped-name>mapped-name3</mapped-name>
                <injection-target>
                    <injection-target-class>injection-target-class2</injection-target-class>
                    <injection-target-name>$</injection-target-name>
                </injection-target>
                <lookup-name>lookup-name2</lookup-name>
            </ejb-local-ref>
            <service-ref>
                <description>description7</description>
                <display-name>display-name2</display-name>
                <icon>
                    <small-icon>small-icon2</small-icon>
                    <large-icon>large-icon2</large-icon>
                </icon>
                <service-ref-name>service-ref-name0</service-ref-name>
                <service-interface>service-interface0</service-interface>
                <service-ref-type>service-ref-type0</service-ref-type>
                <wsdl-file>http://www.oxygenxml.com/</wsdl-file>
                <jaxrpc-mapping-file>jaxrpc-mapping-file0</jaxrpc-mapping-file>
                <service-qname>qName</service-qname>
                <port-component-ref>
                    <service-endpoint-interface>service-endpoint-interface0</service-endpoint-interface>
                    <enable-mtom>false</enable-mtom>
                    <mtom-threshold>50</mtom-threshold>                   
                    <addressing>
                       <enabled>false</enabled>
                       <required>false</required>
                       <responses>ANONYMOUS</responses>
                    </addressing>
                    <respect-binding>
                       <enabled>false</enabled>
                    </respect-binding>
                    <port-component-link>port-component-link0</port-component-link>
                </port-component-ref>
                <handler-chains>
                    <handler-chain>
                        <protocol-bindings>##a ##a http://www.oxygenxml.com/</protocol-bindings>
                        <handler>
                            <handler-name>handler-name0</handler-name>
                            <handler-class>handler-class0</handler-class>
                        </handler>
                    </handler-chain>
                </handler-chains>
                <mapped-name>mapped-name4</mapped-name>
                <injection-target>
                    <injection-target-class>injection-target-class3</injection-target-class>
                    <injection-target-name>$</injection-target-name>
                </injection-target>
                <lookup-name>lookup-name3</lookup-name>
            </service-ref>
            <resource-ref>
                <description>description8</description>
                <res-ref-name>res-ref-name0</res-ref-name>
                <res-type>res-type0</res-type>
                <res-auth>Application</res-auth>
                <res-sharing-scope>Shareable</res-sharing-scope>
                <mapped-name>mapped-name5</mapped-name>
                <injection-target>
                    <injection-target-class>injection-target-class4</injection-target-class>
                    <injection-target-name>$</injection-target-name>
                </injection-target>
                <lookup-name>lookup-name4</lookup-name>
            </resource-ref>
            <resource-env-ref>
                <description>description9</description>
                <resource-env-ref-name>resource-env-ref-name0</resource-env-ref-name>
                <resource-env-ref-type>resource-env-ref-type0</resource-env-ref-type>
                <mapped-name>mapped-name6</mapped-name>
                <injection-target>
                    <injection-target-class>injection-target-class5</injection-target-class>
                    <injection-target-name>$</injection-target-name>
                </injection-target>
                <lookup-name>lookup-name5</lookup-name>
            </resource-env-ref>
            <message-destination-ref>
                <description>description10</description>
                <message-destination-ref-name>message-destination-ref-name0</message-destination-ref-name>
                <message-destination-type>message-destination-type1</message-destination-type>
                <message-destination-usage>Consumes</message-destination-usage>
                <message-destination-link>message-destination-link1</message-destination-link>
                <mapped-name>mapped-name7</mapped-name>
                <injection-target>
                    <injection-target-class>injection-target-class6</injection-target-class>
                    <injection-target-name>$</injection-target-name>
                </injection-target>
                <lookup-name>lookup-name6</lookup-name>
            </message-destination-ref>
            <persistence-context-ref>
                <description>description11</description>
                <persistence-context-ref-name>persistence-context-ref-name0</persistence-context-ref-name>
                <persistence-unit-name>persistence-unit-name0</persistence-unit-name>
                <persistence-context-type>Transaction</persistence-context-type>
                <persistence-property>
                    <name>name0</name>
                    <value>value0</value>
                </persistence-property>
                <mapped-name>mapped-name8</mapped-name>
                <injection-target>
                    <injection-target-class>injection-target-class7</injection-target-class>
                    <injection-target-name>$</injection-target-name>
                </injection-target>
            </persistence-context-ref>
            <persistence-unit-ref>
                <description>description12</description>
                <persistence-unit-ref-name>persistence-unit-ref-name0</persistence-unit-ref-name>
                <persistence-unit-name>persistence-unit-name1</persistence-unit-name>
                <mapped-name>mapped-name9</mapped-name>
                <injection-target>
                    <injection-target-class>injection-target-class8</injection-target-class>
                    <injection-target-name>$</injection-target-name>
                </injection-target>
            </persistence-unit-ref>
            <post-construct>
                <lifecycle-callback-class>lifecycle-callback-class0</lifecycle-callback-class>
                <lifecycle-callback-method>$</lifecycle-callback-method>
            </post-construct>
            <pre-destroy>
                <lifecycle-callback-class>lifecycle-callback-class1</lifecycle-callback-class>
                <lifecycle-callback-method>$</lifecycle-callback-method>
            </pre-destroy>
            <data-source>
                <description>description13</description>
                <name>name1</name>
                <class-name>class-name0</class-name>
                <server-name>server-name0</server-name>
                <port-number>0</port-number>
                <database-name>database-name0</database-name>
                <url>jdbc::</url>
                <user>user0</user>
                <password>password0</password>
                <property>
                    <name>name2</name>
                    <value>value1</value>
                </property>
                <login-timeout>0</login-timeout>
                <transactional>false</transactional>
                <isolation-level>TRANSACTION_READ_UNCOMMITTED</isolation-level>
                <initial-pool-size>0</initial-pool-size>
                <max-pool-size>0</max-pool-size>
                <min-pool-size>0</min-pool-size>
                <max-idle-time>0</max-idle-time>
                <max-statements>0</max-statements>
            </data-source>
            <security-role-ref>
                <description>description14</description>
                <role-name>role-name0</role-name>
                <role-link>role-link0</role-link>
            </security-role-ref>
            <security-identity>
                <description>description15</description>
                <run-as>
                    <description>description16</description>
                    <role-name>role-name1</role-name>
                </run-as>
            </security-identity>
        </message-driven>
    </enterprise-beans>
    <interceptors>
        <description>description17</description>
        <interceptor>
            <description>description18</description>
            <interceptor-class>interceptor-class0</interceptor-class>
            <around-invoke>
                <class>class2</class>
                <method-name>$</method-name>
            </around-invoke>
            <around-timeout>
                <class>class3</class>
                <method-name>$</method-name>
            </around-timeout>
            <env-entry>
                <description>description19</description>
                <env-entry-name>env-entry-name1</env-entry-name>
                <env-entry-type>env-entry-type1</env-entry-type>
                <env-entry-value>env-entry-value1</env-entry-value>
                <mapped-name>mapped-name10</mapped-name>
                <injection-target>
                    <injection-target-class>injection-target-class9</injection-target-class>
                    <injection-target-name>$</injection-target-name>
                </injection-target>
                <lookup-name>lookup-name7</lookup-name>
            </env-entry>
            <ejb-ref>
                <description>description20</description>
                <ejb-ref-name>ejb-ref-name2</ejb-ref-name>
                <ejb-ref-type>Entity</ejb-ref-type>
                <home>home1</home>
                <remote>remote1</remote>
                <ejb-link>ejb-link2</ejb-link>
                <mapped-name>mapped-name11</mapped-name>
                <injection-target>
                    <injection-target-class>injection-target-class10</injection-target-class>
                    <injection-target-name>$</injection-target-name>
                </injection-target>
                <lookup-name>lookup-name8</lookup-name>
            </ejb-ref>
            <ejb-local-ref>
                <description>description21</description>
                <ejb-ref-name>ejb-ref-name3</ejb-ref-name>
                <ejb-ref-type>Entity</ejb-ref-type>
                <local-home>local-home1</local-home>
                <local>local1</local>
                <ejb-link>ejb-link3</ejb-link>
                <mapped-name>mapped-name12</mapped-name>
                <injection-target>
                    <injection-target-class>injection-target-class11</injection-target-class>
                    <injection-target-name>$</injection-target-name>
                </injection-target>
                <lookup-name>lookup-name9</lookup-name>
            </ejb-local-ref>
            <service-ref>
                <description>description22</description>
                <display-name>display-name3</display-name>
                <icon>
                    <small-icon>small-icon3</small-icon>
                    <large-icon>large-icon3</large-icon>
                </icon>
                <service-ref-name>service-ref-name1</service-ref-name>
                <service-interface>service-interface1</service-interface>
                <service-ref-type>service-ref-type1</service-ref-type>
                <wsdl-file>http://www.oxygenxml.com/</wsdl-file>
                <jaxrpc-mapping-file>jaxrpc-mapping-file1</jaxrpc-mapping-file>
                <service-qname>qName</service-qname>
                <port-component-ref>
                    <service-endpoint-interface>service-endpoint-interface1</service-endpoint-interface>
                    <enable-mtom>false</enable-mtom>
                    <mtom-threshold>50</mtom-threshold>
                    <addressing>
		        <enabled>false</enabled>
		        <required>false</required>
		        <responses>ANONYMOUS</responses>
		    </addressing>
		    <respect-binding>
		        <enabled>false</enabled>
		    </respect-binding>
                    <port-component-link>port-component-link1</port-component-link>
                </port-component-ref>
                <handler>
                    <description>description23</description>
                    <display-name>display-name4</display-name>
                    <icon>
		       <small-icon>small-icon1</small-icon>
		       <large-icon>large-icon1</large-icon>
		    </icon>
                    <handler-name>handler-name1</handler-name>
                    <handler-class>handler-class1</handler-class>
                    <init-param>
                        <param-name>param-name0</param-name>
                        <param-value>param-value0</param-value>
                    </init-param>
                    <soap-header>qName</soap-header>
                    <soap-role>soap-role0</soap-role>
                    <port-name>port-name0</port-name>
                </handler>
                <mapped-name>mapped-name13</mapped-name>
                <injection-target>
                    <injection-target-class>injection-target-class12</injection-target-class>
                    <injection-target-name>$</injection-target-name>
                </injection-target>
                <lookup-name>lookup-name10</lookup-name>
            </service-ref>
            <resource-ref>
                <description>description24</description>
                <res-ref-name>res-ref-name1</res-ref-name>
                <res-type>res-type1</res-type>
                <res-auth>Application</res-auth>
                <res-sharing-scope>Shareable</res-sharing-scope>
                <mapped-name>mapped-name14</mapped-name>
                <injection-target>
                    <injection-target-class>injection-target-class13</injection-target-class>
                    <injection-target-name>$</injection-target-name>
                </injection-target>
                <lookup-name>lookup-name11</lookup-name>
            </resource-ref>
            <resource-env-ref>
                <description>description25</description>
                <resource-env-ref-name>resource-env-ref-name1</resource-env-ref-name>
                <resource-env-ref-type>resource-env-ref-type1</resource-env-ref-type>
                <mapped-name>mapped-name15</mapped-name>
                <injection-target>
                    <injection-target-class>injection-target-class14</injection-target-class>
                    <injection-target-name>$</injection-target-name>
                </injection-target>
                <lookup-name>lookup-name12</lookup-name>
            </resource-env-ref>
            <message-destination-ref>
                <description>description26</description>
                <message-destination-ref-name>message-destination-ref-name1</message-destination-ref-name>
                <message-destination-type>message-destination-type2</message-destination-type>
                <message-destination-usage>Consumes</message-destination-usage>
                <message-destination-link>message-destination-link2</message-destination-link>
                <mapped-name>mapped-name16</mapped-name>
                <injection-target>
                    <injection-target-class>injection-target-class15</injection-target-class>
                    <injection-target-name>$</injection-target-name>
                </injection-target>
                <lookup-name>lookup-name13</lookup-name>
            </message-destination-ref>
            <persistence-context-ref>
                <description>description27</description>
                <persistence-context-ref-name>persistence-context-ref-name1</persistence-context-ref-name>
                <persistence-unit-name>persistence-unit-name2</persistence-unit-name>
                <persistence-context-type>Transaction</persistence-context-type>
                <persistence-property>
                    <name>name3</name>
                    <value>value2</value>
                </persistence-property>
                <mapped-name>mapped-name17</mapped-name>
                <injection-target>
                    <injection-target-class>injection-target-class16</injection-target-class>
                    <injection-target-name>$</injection-target-name>
                </injection-target>
            </persistence-context-ref>
            <persistence-unit-ref>
                <description>description28</description>
                <persistence-unit-ref-name>persistence-unit-ref-name1</persistence-unit-ref-name>
                <persistence-unit-name>persistence-unit-name3</persistence-unit-name>
                <mapped-name>mapped-name18</mapped-name>
                <injection-target>
                    <injection-target-class>injection-target-class17</injection-target-class>
                    <injection-target-name>$</injection-target-name>
                </injection-target>
            </persistence-unit-ref>
            <post-construct>
                <lifecycle-callback-class>lifecycle-callback-class2</lifecycle-callback-class>
                <lifecycle-callback-method>$</lifecycle-callback-method>
            </post-construct>
            <pre-destroy>
                <lifecycle-callback-class>lifecycle-callback-class3</lifecycle-callback-class>
                <lifecycle-callback-method>$</lifecycle-callback-method>
            </pre-destroy>
            <data-source>
                <description>description29</description>
                <name>name4</name>
                <class-name>class-name1</class-name>
                <server-name>server-name1</server-name>
                <port-number>0</port-number>
                <database-name>database-name1</database-name>
                <url>jdbc::</url>
                <user>user1</user>
                <password>password1</password>
                <property>
                    <name>name5</name>
                    <value>value3</value>
                </property>
                <login-timeout>0</login-timeout>
                <transactional>false</transactional>
                <isolation-level>TRANSACTION_READ_UNCOMMITTED</isolation-level>
                <initial-pool-size>0</initial-pool-size>
                <max-pool-size>0</max-pool-size>
                <min-pool-size>0</min-pool-size>
                <max-idle-time>0</max-idle-time>
                <max-statements>0</max-statements>
            </data-source>
            <post-activate>
                <lifecycle-callback-class>lifecycle-callback-class4</lifecycle-callback-class>
                <lifecycle-callback-method>$</lifecycle-callback-method>
            </post-activate>
            <pre-passivate>
                <lifecycle-callback-class>lifecycle-callback-class5</lifecycle-callback-class>
                <lifecycle-callback-method>$</lifecycle-callback-method>
            </pre-passivate>
        </interceptor>
    </interceptors>
    <relationships>
        <description>description30</description>
        <ejb-relation>
            <description>description31</description>
            <ejb-relation-name>ejb-relation-name0</ejb-relation-name>
            <ejb-relationship-role>
                <description>description32</description>
                <ejb-relationship-role-name>ejb-relationship-role-name0</ejb-relationship-role-name>
                <multiplicity>One</multiplicity>
                <relationship-role-source>
                    <description>description33</description>
                    <ejb-name>ejb-name1</ejb-name>
                </relationship-role-source>
                <cmr-field>
                    <description>description34</description>
                    <cmr-field-name>cmr-field-name0</cmr-field-name>
                    <cmr-field-type>java.util.Collection</cmr-field-type>
                </cmr-field>
            </ejb-relationship-role>
            <ejb-relationship-role>
                <description>description35</description>
                <ejb-relationship-role-name>ejb-relationship-role-name1</ejb-relationship-role-name>
                <multiplicity>One</multiplicity>
                <cascade-delete/>
                <relationship-role-source>
                    <description>description36</description>
                    <ejb-name>ejb-name2</ejb-name>
                </relationship-role-source>
                <cmr-field>
                    <description>description37</description>
                    <cmr-field-name>cmr-field-name1</cmr-field-name>
                    <cmr-field-type>java.util.Collection</cmr-field-type>
                </cmr-field>
            </ejb-relationship-role>
        </ejb-relation>
    </relationships>
    <assembly-descriptor>
        <security-role>
            <description>description38</description>
            <role-name>role-name2</role-name>
        </security-role>
        <method-permission>
            <description>description39</description>
            <unchecked/>
            <method>
                <description>description40</description>
                <ejb-name>ejb-name3</ejb-name>
                <method-intf>Home</method-intf>
                <method-name>method-name6</method-name>
                <method-params>
                    <method-param>method-param1</method-param>
                </method-params>
            </method>
        </method-permission>
        <container-transaction>
            <description>description41</description>
            <method>
                <description>description42</description>
                <ejb-name>ejb-name4</ejb-name>
                <method-intf>Home</method-intf>
                <method-name>method-name7</method-name>
                <method-params>
                    <method-param>method-param2</method-param>
                </method-params>
            </method>
            <trans-attribute>NotSupported</trans-attribute>
        </container-transaction>
        <interceptor-binding>
            <description>description43</description>
            <ejb-name>ejb-name5</ejb-name>
            <interceptor-class>interceptor-class1</interceptor-class>
            <exclude-default-interceptors>false</exclude-default-interceptors>
            <exclude-class-interceptors>false</exclude-class-interceptors>
            <method>
                <method-name>method-name8</method-name>
                <method-params>
                    <method-param>method-param3</method-param>
                </method-params>
            </method>
        </interceptor-binding>
        <message-destination>
            <description>description44</description>
            <display-name>display-name5</display-name>
            <icon>
                <small-icon>small-icon4</small-icon>
                <large-icon>large-icon4</large-icon>
            </icon>
            <message-destination-name>message-destination-name0</message-destination-name>
            <mapped-name>mapped-name19</mapped-name>
            <lookup-name>lookup-name14</lookup-name>
        </message-destination>
        <exclude-list>
            <description>description45</description>
            <method>
                <description>description46</description>
                <ejb-name>ejb-name6</ejb-name>
                <method-intf>Home</method-intf>
                <method-name>method-name9</method-name>
                <method-params>
                    <method-param>method-param4</method-param>
                </method-params>
            </method>
        </exclude-list>
        <application-exception>
            <exception-class>exception-class0</exception-class>
            <rollback>false</rollback>
            <inherited>false</inherited>
        </application-exception>
    </assembly-descriptor>
    <ejb-client-jar>ejb-client-jar0</ejb-client-jar>
</ejb-jar>
