<?xml version="1.0" encoding="UTF-8"?>
<web-app xmlns="http://java.sun.com/xml/ns/javaee"
 xmlns:xsi="http://www.w3.org/2001/XMLSchema-instance"
 xsi:schemaLocation="http://java.sun.com/xml/ns/javaee file:/home/bfr/dev/shrinkwrap-descriptors/descriptors/gen/src/main/resources/xsd/web-app_3_0.xsd" version="3.0">
    <module-name>GNnvUsb.</module-name>
    <description>kDQZ</description>
    <description>FV2qM-mOz</description>
    <description>wfn.1udUAMaRUzbv6Ha</description>
    <display-name>Kbiab0ep</display-name>
    <display-name>Zp2TcQ0O</display-name>
    <display-name>SIgwUGaU</display-name>
    <icon>
        <small-icon>RXVls-ri</small-icon>
        <large-icon>_jv6a6K1</large-icon>
    </icon>
    <icon>
        <small-icon>wska8Yde</small-icon>
        <large-icon>fHBHJmOJ</large-icon>
    </icon>
    <icon>
        <small-icon>QmxSnihJ</small-icon>
        <large-icon>z6l6YDCW</large-icon>
    </icon>

    <distributable/>
    <context-param>
        <description>YFQmbSnPpfz8zE.</description>
        <description>oIxGPNDo7Frz0KfzCuQyR</description>
        <description>nKys7c</description>
        <param-name>My1BzZGI</param-name>
        <param-value>K</param-value>
    </context-param>
    <filter>
        <description>KZjeprWSZ03flQ2zZQF</description>
        <description>Xvhp0CRvErbgochbVPryY</description>
        <description>HnLR5R7tgUYaFBWcaQZ</description>
        <display-name>rk77aimS</display-name>
        <display-name>P3nfP3K4</display-name>
        <display-name>lLiB4dr7</display-name>
        <icon>
            <small-icon>:.5JQ8um</small-icon>
            <large-icon>hle9cSsI</large-icon>
        </icon>
        <icon>
            <small-icon>TIS9Ts5R</small-icon>
            <large-icon>e-ojL6nD</large-icon>
        </icon>
        <icon>
            <small-icon>ErkkL0AE</small-icon>
            <large-icon>LWTg.Dry</large-icon>
        </icon>
        <filter-name>h:pLsVeg</filter-name>
        <filter-class>KoAkmgZK</filter-class>
        <async-supported>false</async-supported>
        <init-param>
            <description>vSUK1RTlkz-ftiI1p5</description>
            <description>ntxlYLVTf.YHTRaPoYbn_2DPUVVdv</description>
            <description>YaVpCTwriUInjpm</description>
            <param-name>4HbMXOZb</param-name>
            <param-value>x8LRmCKmHwfvgIviQY</param-value>
        </init-param>
        <init-param>
            <description>_l2_H7m8</description>
            <description>JeIscOZ.bAdUi-Wl5SYl</description>
            <description>aNT</description>
            <param-name>jEGueTKW</param-name>
            <param-value>kkhqdt3nK_McLLL</param-value>
        </init-param>
        <init-param>
            <description>sNRWYL8piX8j.</description>
            <description>v5k_n-_8cpa2fczwfEnxQ20vZ</description>
            <description>D</description>
            <param-name>DTfRzgQp</param-name>
            <param-value>auDpxDJd.G0IFDl0O</param-value>
        </init-param>
    </filter>
    <filter-mapping>
        <filter-name>I0AOv8Ws</filter-name>
        <url-pattern>CSvjdYu1uF8ataDabXOSKtR3an2ldZ</url-pattern>
        <servlet-name>bWboG6j7</servlet-name>
        <url-pattern>p-d_pAEOHiM0N.3s</url-pattern>
        <dispatcher>REQUEST</dispatcher>
        <dispatcher>INCLUDE</dispatcher>
        <dispatcher>REQUEST</dispatcher>
    </filter-mapping>
    <listener>
        <description>kSgh9suiED5UDTzvFzhQmaOC</description>
        <description>QPbseHZHTa</description>
        <description>F8sB</description>
        <display-name>DI5.HJiz</display-name>
        <display-name>.W9Judei</display-name>
        <display-name>6.hQspYl</display-name>
        <icon>
            <small-icon>6KuBAA1H</small-icon>
            <large-icon>miazlGia</large-icon>
        </icon>
        <icon>
            <small-icon>nUqg8jsL</small-icon>
            <large-icon>-MGjVPld</large-icon>
        </icon>
        <icon>
            <small-icon>7h5HlLL1</small-icon>
            <large-icon>B4jcUr4X</large-icon>
        </icon>
        <listener-class>HBCHr1z.</listener-class>
    </listener>
    <servlet>
        <description>bp</description>
        <description>h7qf52go</description>
        <description>I8b13qR38qM5-cmEArTvX</description>
        <display-name>C8FgxbRh</display-name>
        <display-name>9yeG_VM.</display-name>
        <display-name>QOBG3jIC</display-name>
        <icon>
            <small-icon>n1ofUSy_</small-icon>
            <large-icon>94XXi8b_</large-icon>
        </icon>
        <icon>
            <small-icon>QkDovid1</small-icon>
            <large-icon>tVsyzDF.</large-icon>
        </icon>
        <icon>
            <small-icon>:6.Pbl5H</small-icon>
            <large-icon>Tdk_VGTp</large-icon>
        </icon>
        <servlet-name>ShpnfDrv</servlet-name>
        <jsp-file>uqeO.Wa_</jsp-file>
        <init-param>
            <description>AiZBFdG0xpN2B6DYZyzTvDQ_</description>
            <description>NUFb67ix9bp_</description>
            <description>OQEo</description>
            <param-name>6pbRRvEx</param-name>
            <param-value>Lqd3rdXzh.Yc2i3qkeRSERY564</param-value>
        </init-param>
        <init-param>
            <description>g_MNk8OefS-BURE</description>
            <description>KTISFMBFV.ldJ1lwarTBmFXM</description>
            <description>ycZ</description>
            <param-name>B0sNPxVj</param-name>
            <param-value>t3rHClSzZxaGW491E3uYIh</param-value>
        </init-param>
        <init-param>
            <description>yd3s2VjkZ58joQUa</description>
            <description>rjNhuG</description>
            <description>NWBjlAzQ6bNHzxfx6</description>
            <param-name>2zj3q_BF</param-name>
            <param-value>Fl_5omh3sGD65</param-value>
        </init-param>
        <load-on-startup>479401375</load-on-startup>
        <enabled>true</enabled>
        <async-supported>false</async-supported>
        <run-as>
            <description>gs</description>
            <description>l74WavFWCz9.</description>
            <description>qN</description>
            <role-name>VN_gzpxt</role-name>
        </run-as>
        <security-role-ref>
            <description>P8b1GVyIYaa</description>
            <description>tH</description>
            <description>VW-</description>
            <role-name>o.49PbBH</role-name>
<!--            <role-link>6pne9aUT</role-link>-->
        </security-role-ref>
        <security-role-ref>
            <description>ctxUdgBVcxD</description>
            <description>VVmb</description>
            <description>Uqp-YFbCtq_QGWfW_KmyZ9t6Ab</description>
            <role-name>em.VcEim</role-name>
<!--            <role-link>dJGcfhZe</role-link>-->
        </security-role-ref>
        <security-role-ref>
            <description>H7y7Rv3lbhP2PXjdLjvWJOUl</description>
            <description>xD2e28-GfO3tUwJ</description>
            <description>lt92zyUSi</description>
            <role-name>tKmc-kfe</role-name>
<!--            <role-link>u_gbo_lv</role-link>-->
        </security-role-ref>
        <multipart-config>
            <location>l:TE9MXe</location>
            <max-file-size>1843009875</max-file-size>
            <max-request-size>-475954194</max-request-size>
            <file-size-threshold>-754981396</file-size-threshold>
        </multipart-config>
    </servlet>
    <servlet-mapping>
        <servlet-name>jT6HexNB</servlet-name>
        <url-pattern>XJpr.jSGy</url-pattern>
        <url-pattern>x</url-pattern>
        <url-pattern>WFE47chkGEplqI8zXVUXQCsi</url-pattern>
    </servlet-mapping>
    <session-config>
        <session-timeout>699249020</session-timeout>
        <cookie-config>
            <name>raEbiNGt</name>
            <domain>P.m1CwFB</domain>
            <path>t5ivrAUc</path>
            <comment>cUe_YDrK</comment>
            <http-only>false</http-only>
            <secure>true</secure>
            <max-age>1097096598</max-age>
        </cookie-config>
        <tracking-mode>URL</tracking-mode>
        <tracking-mode>URL</tracking-mode>
        <tracking-mode>URL</tracking-mode>
    </session-config>
    <mime-mapping>
        <extension>J-AyTd54</extension>
        <mime-type>:/8¬¦</mime-type>
    </mime-mapping>
    <welcome-file-list>
        <welcome-file>WekS2g9MNarCkC</welcome-file>
        <welcome-file>QTll-z1NC2DCTlupoaKLU</welcome-file>
        <welcome-file>Rd5ZFajYasI9kGC2ZJEa.djzn</welcome-file>
    </welcome-file-list>
    <error-page>
        <exception-type>PC-SjJWW</exception-type>
        <location>/</location>
    </error-page>
    <jsp-config>
        <taglib>
            <taglib-uri>92n59m-a</taglib-uri>
            <taglib-location>-7ItGRL9</taglib-location>
        </taglib>
        <taglib>
            <taglib-uri>41awxKdE</taglib-uri>
            <taglib-location>tyfGjHcY</taglib-location>
        </taglib>
        <taglib>
            <taglib-uri>r:R:YvGM</taglib-uri>
            <taglib-location>WTMOb0:I</taglib-location>
        </taglib>
        <jsp-property-group>
            <description>n4fhqPgj61wN6DM9jElj-BAtdvp</description>
            <description>peUgkAzIfEpW-joUW</description>
            <description>QjZb-9CXULwx</description>
            <display-name>gcnk34QO</display-name>
            <display-name>TIfLETJ5</display-name>
            <display-name>A1-HS4VZ</display-name>
            <icon>
                <small-icon>8K4uDcQ-</small-icon>
                <large-icon>BXR1pYCA</large-icon>
            </icon>
            <icon>
                <small-icon>2uoXCtB9</small-icon>
                <large-icon>dgGcX2pi</large-icon>
            </icon>
            <icon>
                <small-icon>6d4z8wyy</small-icon>
                <large-icon>ga0i-I04</large-icon>
            </icon>
            <url-pattern>gbBQSW0GJNF2rr.g</url-pattern>
            <url-pattern>m.1VW9D58Ud_2K2rXm</url-pattern>
            <url-pattern>LnviCR6zE</url-pattern>
            <el-ignored>false</el-ignored>
            <page-encoding>iw:E8bDA</page-encoding>
            <scripting-invalid>false</scripting-invalid>
            <is-xml>false</is-xml>
            <include-prelude>W4ca:sfa</include-prelude>
            <include-prelude>jMKdbkR6</include-prelude>
            <include-prelude>O07rwHPH</include-prelude>
            <include-coda>sfo8typx</include-coda>
            <include-coda>xqCGyxZG</include-coda>
            <include-coda>.elozSR7</include-coda>
            <deferred-syntax-allowed-as-literal>true</deferred-syntax-allowed-as-literal>
            <trim-directive-whitespaces>true</trim-directive-whitespaces>
            <default-content-type>pelDcjjT</default-content-type>
            <buffer>6q-zCvWt</buffer>
            <error-on-undeclared-namespace>true</error-on-undeclared-namespace>
        </jsp-property-group>
        <jsp-property-group>
            <description>wJrt.NsbmN8AXi_nU_6u6UuTg0b</description>
            <description>U.QgVUfUe</description>
            <description>nK2</description>
            <display-name>bgExTVo7</display-name>
            <display-name>tADPZ4ic</display-name>
            <display-name>095zPwY3</display-name>
            <icon>
                <small-icon>mKgfLRqd</small-icon>
                <large-icon>E1tcn776</large-icon>
            </icon>
            <icon>
                <small-icon>r6CWECOx</small-icon>
                <large-icon>7DeSlqX8</large-icon>
            </icon>
            <icon>
                <small-icon>4PSH5hD4</small-icon>
                <large-icon>Jt:Rspqa</large-icon>
            </icon>
            <url-pattern>HoKSdNTCCH.aa0rn_JDR5JRD-U</url-pattern>
            <url-pattern>l8Xw_2EYFRo2edGi.</url-pattern>
            <url-pattern>WLXU6zm0QCt9RACQ4zOo6Yu</url-pattern>
            <el-ignored>false</el-ignored>
            <page-encoding>f:5NlfA4</page-encoding>
            <scripting-invalid>true</scripting-invalid>
            <is-xml>true</is-xml>
            <include-prelude>5uHqiPu.</include-prelude>
            <include-prelude>xsQXm1go</include-prelude>
            <include-prelude>FBSMqIXd</include-prelude>
            <include-coda>Xj3epS_Y</include-coda>
            <include-coda>r-lNlrXK</include-coda>
            <include-coda>lBnUmeO1</include-coda>
            <deferred-syntax-allowed-as-literal>false</deferred-syntax-allowed-as-literal>
            <trim-directive-whitespaces>false</trim-directive-whitespaces>
            <default-content-type>y8vgRFyV</default-content-type>
            <buffer>7NmR_TD9</buffer>
            <error-on-undeclared-namespace>true</error-on-undeclared-namespace>
        </jsp-property-group>
        <jsp-property-group>
            <description>A_wsYhkHPky0</description>
            <description>UR9s1</description>
            <description>OIvFXvdP</description>
            <display-name>E__-jJJV</display-name>
            <display-name>-PfogaC7</display-name>
            <display-name>p1qaJMZc</display-name>
            <icon>
                <small-icon>R_3U4BIy</small-icon>
                <large-icon>DiixJ97S</large-icon>
            </icon>
            <icon>
                <small-icon>_kJcYL7b</small-icon>
                <large-icon>qFfFJGoK</large-icon>
            </icon>
            <icon>
                <small-icon>p.7p0ZuJ</small-icon>
                <large-icon>Y4pJRfnQ</large-icon>
            </icon>
            <url-pattern>r9Idiuku0f0ovTW_R</url-pattern>
            <url-pattern>WK2x</url-pattern>
            <url-pattern>q187T</url-pattern>
            <el-ignored>true</el-ignored>
            <page-encoding>9l3sRsnv</page-encoding>
            <scripting-invalid>false</scripting-invalid>
            <is-xml>false</is-xml>
            <include-prelude>D2YkpRLW</include-prelude>
            <include-prelude>jFcxtgDi</include-prelude>
            <include-prelude>hLdFKc5z</include-prelude>
            <include-coda>mvVkbFpK</include-coda>
            <include-coda>RPypvc0B</include-coda>
            <include-coda>HU6pU1n2</include-coda>
            <deferred-syntax-allowed-as-literal>false</deferred-syntax-allowed-as-literal>
            <trim-directive-whitespaces>true</trim-directive-whitespaces>
            <default-content-type>clfcA6en</default-content-type>
            <buffer>wg_1aEb_</buffer>
            <error-on-undeclared-namespace>false</error-on-undeclared-namespace>
        </jsp-property-group>
    </jsp-config>
    <security-constraint>
        <display-name>-C_kMaxY</display-name>
        <display-name>O3jq_zkA</display-name>
        <display-name>_hEWffG-</display-name>
        <web-resource-collection>
            <web-resource-name>U-Hqcv5h</web-resource-name>
            <description>XyByha0UFUNj0h</description>
            <description>Go5VS_h1jQgVAe</description>
            <description>rl_kaIr8jdX9az9dmynnG8Hexmyr6</description>
            <url-pattern>qZfl90CNaJRLau4</url-pattern>
            <url-pattern>lHzoFTWn1CeE2KwzcU9D2iOj6i</url-pattern>
            <url-pattern>GZ5ZdIdgzKXb_Cn</url-pattern>
            <http-method-omission>zDHueJM-</http-method-omission>
            <http-method-omission>rU69Oz74</http-method-omission>
            <http-method-omission>H4VOTLmy</http-method-omission>
        </web-resource-collection>
        <web-resource-collection>
            <web-resource-name>pjX2Dwmv</web-resource-name>
            <description>btv8Ynd.yD6MYNW6KZRiZpjTYp</description>
            <description>vJmexby1VU.XjXZr</description>
            <description>lUEUPT-</description>
            <url-pattern>XGvGcm.1_26jsZn.coWHc6</url-pattern>
            <url-pattern>eumM.BTKkVsPKvFd37azpAO</url-pattern>
            <url-pattern>Rj6bCuzKiL</url-pattern>
            <http-method>195zmwFb</http-method>
            <http-method>pTQTuPsQ</http-method>
            <http-method>7SAADeJ-</http-method>
        </web-resource-collection>
        <web-resource-collection>
            <web-resource-name>ZMCPZYKq</web-resource-name>
            <description>YTaaczYBqwcVEGQII_43baOcqB9XXz</description>
            <description>fVV.isGW0KNSr6yCDD3O6MM</description>
            <description>p8brbyYTtmQ</description>
            <url-pattern>YRQyAyGy7jN9Bg9GKqudR70E</url-pattern>
            <url-pattern>_rdFqMm16YQ</url-pattern>
            <url-pattern>moDxs1</url-pattern>
            <http-method>4Dj1oRbB</http-method>
            <http-method>F_lwe1ka</http-method>
            <http-method>CFcU2Rid</http-method>
        </web-resource-collection>
        <auth-constraint>
            <description>F.nV</description>
            <description>dcaNe3.eOA</description>
            <description>BLpfqzKAuwf</description>
            <role-name>MrUJDJc6</role-name>
            <role-name>OL_9XW2o</role-name>
            <role-name>V7S1kAC3</role-name>
        </auth-constraint>
        <user-data-constraint>
            <description>uPT.Mp.4_x9x7O</description>
            <description>J</description>
            <description>bM51Fr-7A9d</description>
            <transport-guarantee>INTEGRAL</transport-guarantee>
        </user-data-constraint>
    </security-constraint>
    <login-config>
        <auth-method>24SSUvgG</auth-method>
        <realm-name>VAV-B__C</realm-name>
        <form-login-config>
            <form-login-page>/</form-login-page>
            <form-error-page>/</form-error-page>
        </form-login-config>
    </login-config>
    <security-role>
        <description>Ibg-RUh</description>
        <description>v0yPPFana</description>
        <description>bQK1hiOKxPPSe_Jef4Hc2A</description>
        <role-name>5qa1r2PZ</role-name>
    </security-role>
    <message-destination>
        <description>Q61CmV2QQ52O0</description>
        <description>ugmYlh</description>
        <description>YqQqZt56zXKpD</description>
        <display-name>ltLYP6yd</display-name>
        <display-name>8ClrvYMi</display-name>
        <display-name>:3vsHyCa</display-name>
        <icon>
            <small-icon>emhLbl9a</small-icon>
            <large-icon>uPXPiBiC</large-icon>
        </icon>
        <icon>
            <small-icon>lbVfA1C9</small-icon>
            <large-icon>7yYU0Z0v</large-icon>
        </icon>
        <icon>
            <small-icon>OTmbr4Jg</small-icon>
            <large-icon>ToTAETIj</large-icon>
        </icon>
        <message-destination-name>SWIyVzRL</message-destination-name>
        <mapped-name>vvpKacYegbX</mapped-name>
        <lookup-name>AZZtFP</lookup-name>
    </message-destination>
    <absolute-ordering>
        <others/>
        <name>_</name>
        <name>_$_6</name>
        <name>pFjzZeoU</name>
        <others/>
    </absolute-ordering>
    <absolute-ordering>
        <name>_</name>
        <name>bTuFbaPR</name>
        <name>VvWwljE_</name>
<!--        <others/>-->
<!--        <name>Ztb8Qbdt</name>-->
<!--        <name>Q2t9CsES</name>-->
<!--        <name>ª8__</name>-->
        <others/>
<!--        <name>ý$$$</name>-->
<!--        <name>Z_QR5uWr</name>-->
<!--        <name>ªÛm</name>-->
        <others/>
    </absolute-ordering>
</web-app>
