<?xml version="1.0" encoding="UTF-8"?>
<batch-artifacts xmlns="http://xmlns.jcp.org/xml/ns/javaee"
 xmlns:xsi="http://www.w3.org/2001/XMLSchema-instance"
 xsi:schemaLocation="http://xmlns.jcp.org/xml/ns/javaee http://xmlns.jcp.org/xml/ns/javaee/batchXML_1_0.xsd">
    <ref id="id1" class="class1"/>
    <ref id="id3" class="class3"/>
</batch-artifacts>
