<?xml version="1.0" encoding="UTF-8"?>
<connector xmlns="http://java.sun.com/xml/ns/javaee"
 xmlns:xsi="http://www.w3.org/2001/XMLSchema-instance"
 xsi:schemaLocation="http://java.sun.com/xml/ns/javaee http://java.sun.com/xml/ns/javaee/connector_1_6.xsd" version="1.6">
    <module-name>module-name0</module-name>
    <description>description0</description>
    <display-name>display-name0</display-name>
    <icon>
        <small-icon>small-icon0</small-icon>
        <large-icon>large-icon0</large-icon>
    </icon>
    <vendor-name>vendor-name0</vendor-name>
    <eis-type>eis-type0</eis-type>
    <resourceadapter-version>resourceadapter-version0</resourceadapter-version>
    <license>
        <description>description1</description>
        <license-required>false</license-required>
    </license>
    <resourceadapter>
        <resourceadapter-class>resourceadapter-class0</resourceadapter-class>
        <config-property>
            <description>description2</description>
            <config-property-name>config-property-name0</config-property-name>
            <config-property-type>java.lang.Boolean</config-property-type>
            <config-property-value>config-property-value0</config-property-value>
            <config-property-ignore>false</config-property-ignore>
            <config-property-supports-dynamic-updates>false</config-property-supports-dynamic-updates>
            <config-property-confidential>false</config-property-confidential>
        </config-property>
        <outbound-resourceadapter>
            <connection-definition>
                <managedconnectionfactory-class>managedconnectionfactory-class0</managedconnectionfactory-class>
                <config-property>
                    <description>description3</description>
                    <config-property-name>config-property-name1</config-property-name>
                    <config-property-type>java.lang.Boolean</config-property-type>
                    <config-property-value>config-property-value1</config-property-value>
                    <config-property-ignore>false</config-property-ignore>
                    <config-property-supports-dynamic-updates>false</config-property-supports-dynamic-updates>
                    <config-property-confidential>false</config-property-confidential>
                </config-property>
                <connectionfactory-interface>connectionfactory-interface0</connectionfactory-interface>
                <connectionfactory-impl-class>connectionfactory-impl-class0</connectionfactory-impl-class>
                <connection-interface>connection-interface0</connection-interface>
                <connection-impl-class>connection-impl-class0</connection-impl-class>
            </connection-definition>
            <transaction-support>NoTransaction</transaction-support>
            <authentication-mechanism>
                <description>description4</description>
                <authentication-mechanism-type>authentication-mechanism-type0</authentication-mechanism-type>
                <credential-interface>javax.resource.spi.security.PasswordCredential</credential-interface>
            </authentication-mechanism>
            <reauthentication-support>false</reauthentication-support>
        </outbound-resourceadapter>
        <inbound-resourceadapter>
            <messageadapter>
                <messagelistener>
                    <messagelistener-type>messagelistener-type0</messagelistener-type>
                    <activationspec>
                        <activationspec-class>activationspec-class0</activationspec-class>
                    </activationspec>
                </messagelistener>
            </messageadapter>
        </inbound-resourceadapter>
        <adminobject>
            <adminobject-interface>adminobject-interface0</adminobject-interface>
            <adminobject-class>adminobject-class0</adminobject-class>
            <config-property>
                <description>description5</description>
                <config-property-name>config-property-name2</config-property-name>
                <config-property-type>java.lang.Boolean</config-property-type>
                <config-property-value>config-property-value2</config-property-value>
                <config-property-ignore>false</config-property-ignore>
                <config-property-supports-dynamic-updates>false</config-property-supports-dynamic-updates>
                <config-property-confidential>false</config-property-confidential>
            </config-property>
        </adminobject>
        <security-permission>
            <description>description6</description>
            <security-permission-spec>security-permission-spec0</security-permission-spec>
        </security-permission>
    </resourceadapter>
    <required-work-context>required-work-context0</required-work-context>
</connector>
