<?xml version="1.0" encoding="UTF-8" standalone="yes"?>
<web-app xmlns="http://java.sun.com/xml/ns/javaee" xmlns:xsi="http://www.w3.org/2001/XMLSchema-instance" version="3.0" xsi:schemaLocation="http://java.sun.com/xml/ns/javaee http://java.sun.com/xml/ns/javaee/web-app_3_0.xsd">
    <session-config>
        <session-timeout>3600</session-timeout>
        <cookie-config>
            <name>SESSIONID</name>
            <domain>example.com</domain>
            <path>/</path>
            <max-age>3600</max-age>
        </cookie-config>
        <tracking-mode>COOKIE</tracking-mode>
    </session-config>
</web-app>
