<?xml version="1.0" encoding="UTF-8" standalone="yes"?>
<web-app xmlns="http://java.sun.com/xml/ns/javaee" xmlns:xsi="http://www.w3.org/2001/XMLSchema-instance" version="3.0" xsi:schemaLocation="http://java.sun.com/xml/ns/javaee http://java.sun.com/xml/ns/javaee/web-app_3_0.xsd">
    <filter>
        <filter-name>UrlRewriteFilter</filter-name>
        <filter-class>org.tuckey.web.filters.urlrewrite.UrlRewriteFilter</filter-class>
    </filter>
    <filter-mapping>
        <url-pattern>/*</url-pattern>
        <filter-name>UrlRewriteFilter</filter-name>
    </filter-mapping>
</web-app>
